c:\dev\git\fbl\project_vs2019\sceneedit\x64\release\vc143.pdb
c:\dev\git\fbl\project_vs2019\sceneedit\x64\release\ui.obj
c:\dev\git\fbl\project_vs2019\sceneedit\x64\release\thread.obj
c:\dev\git\fbl\project_vs2019\sceneedit\x64\release\text.obj
c:\dev\git\fbl\project_vs2019\sceneedit\x64\release\sprite.obj
c:\dev\git\fbl\project_vs2019\sceneedit\x64\release\sound.obj
c:\dev\git\fbl\project_vs2019\sceneedit\x64\release\primitives.obj
c:\dev\git\fbl\project_vs2019\sceneedit\x64\release\physics.obj
c:\dev\git\fbl\project_vs2019\sceneedit\x64\release\pathfind.obj
c:\dev\git\fbl\project_vs2019\sceneedit\x64\release\particles.obj
c:\dev\git\fbl\project_vs2019\sceneedit\x64\release\network.obj
c:\dev\git\fbl\project_vs2019\sceneedit\x64\release\lua.obj
c:\dev\git\fbl\project_vs2019\sceneedit\x64\release\input.obj
c:\dev\git\fbl\project_vs2019\sceneedit\x64\release\fbl.obj
c:\dev\git\fbl\project_vs2019\sceneedit\x64\release\dllist.obj
c:\dev\git\fbl\project_vs2019\sceneedit\x64\release\a_star.obj
c:\dev\git\fbl\project_vs2019\sceneedit\x64\release\scenedit.obj
c:\dev\git\fbl\project_vs2019\sceneedit\x64\release\main.obj
c:\dev\git\fbl\project_vs2019\sceneedit\x64\release\guifuncs.obj
c:\dev\git\fbl\project_vs2019\sceneedit\x64\release\disk.obj
c:\dev\git\fbl\project_vs2019\x64\release\scenedit.exe
c:\dev\git\fbl\project_vs2019\x64\release\scenedit.pdb
c:\dev\git\fbl\project_vs2019\x64\release\scenedit.lib
c:\dev\git\fbl\project_vs2019\x64\release\scenedit.exp
c:\dev\git\fbl\project_vs2019\sceneedit\x64\release\scenedit.ipdb
c:\dev\git\fbl\project_vs2019\sceneedit\x64\release\scenedit.iobj
c:\dev\git\fbl\project_vs2022\sceneedit\x64\release\a_star.obj
c:\dev\git\fbl\project_vs2022\sceneedit\x64\release\disk.obj
c:\dev\git\fbl\project_vs2022\sceneedit\x64\release\dllist.obj
c:\dev\git\fbl\project_vs2022\sceneedit\x64\release\fbl.obj
c:\dev\git\fbl\project_vs2022\sceneedit\x64\release\guifuncs.obj
c:\dev\git\fbl\project_vs2022\sceneedit\x64\release\input.obj
c:\dev\git\fbl\project_vs2022\sceneedit\x64\release\lua.obj
c:\dev\git\fbl\project_vs2022\sceneedit\x64\release\main.obj
c:\dev\git\fbl\project_vs2022\sceneedit\x64\release\network.obj
c:\dev\git\fbl\project_vs2022\sceneedit\x64\release\particles.obj
c:\dev\git\fbl\project_vs2022\sceneedit\x64\release\pathfind.obj
c:\dev\git\fbl\project_vs2022\sceneedit\x64\release\physics.obj
c:\dev\git\fbl\project_vs2022\sceneedit\x64\release\primitives.obj
c:\dev\git\fbl\project_vs2022\sceneedit\x64\release\scenedit.obj
c:\dev\git\fbl\project_vs2022\sceneedit\x64\release\sound.obj
c:\dev\git\fbl\project_vs2022\sceneedit\x64\release\sprite.obj
c:\dev\git\fbl\project_vs2022\sceneedit\x64\release\text.obj
c:\dev\git\fbl\project_vs2022\sceneedit\x64\release\thread.obj
c:\dev\git\fbl\project_vs2022\sceneedit\x64\release\ui.obj
c:\dev\git\fbl\project_vs2022\sceneedit\x64\release\scenedit.ipdb
c:\dev\git\fbl\project_vs2022\sceneedit\x64\release\scenedit.iobj
c:\dev\git\fbl\project_vs2022\sceneedit\x64\release\vc143.pdb
c:\dev\git\fbl\project_vs2022\x64\release\scenedit.pdb
c:\dev\git\fbl\project_vs2022\x64\release\scenedit.exe
c:\dev\git\fbl\project_vs2022\sceneedit\x64\release\scenedit.tlog\cl.command.1.tlog
c:\dev\git\fbl\project_vs2022\sceneedit\x64\release\scenedit.tlog\cl.items.tlog
c:\dev\git\fbl\project_vs2022\sceneedit\x64\release\scenedit.tlog\cl.read.1.tlog
c:\dev\git\fbl\project_vs2022\sceneedit\x64\release\scenedit.tlog\cl.write.1.tlog
c:\dev\git\fbl\project_vs2022\sceneedit\x64\release\scenedit.tlog\link.command.1.tlog
c:\dev\git\fbl\project_vs2022\sceneedit\x64\release\scenedit.tlog\link.read.1.tlog
c:\dev\git\fbl\project_vs2022\sceneedit\x64\release\scenedit.tlog\link.secondary.1.tlog
c:\dev\git\fbl\project_vs2022\sceneedit\x64\release\scenedit.tlog\link.write.1.tlog
