c:\dev\git\fbl\project_vs2019\robot_lua_game\x64\release\vc143.pdb
c:\dev\git\fbl\project_vs2019\robot_lua_game\x64\release\robotgame_shell.obj
c:\dev\git\fbl\project_vs2019\robot_lua_game\x64\release\ui.obj
c:\dev\git\fbl\project_vs2019\robot_lua_game\x64\release\thread.obj
c:\dev\git\fbl\project_vs2019\robot_lua_game\x64\release\text.obj
c:\dev\git\fbl\project_vs2019\robot_lua_game\x64\release\sprite.obj
c:\dev\git\fbl\project_vs2019\robot_lua_game\x64\release\sound.obj
c:\dev\git\fbl\project_vs2019\robot_lua_game\x64\release\primitives.obj
c:\dev\git\fbl\project_vs2019\robot_lua_game\x64\release\physics.obj
c:\dev\git\fbl\project_vs2019\robot_lua_game\x64\release\pathfind.obj
c:\dev\git\fbl\project_vs2019\robot_lua_game\x64\release\particles.obj
c:\dev\git\fbl\project_vs2019\robot_lua_game\x64\release\network.obj
c:\dev\git\fbl\project_vs2019\robot_lua_game\x64\release\lua.obj
c:\dev\git\fbl\project_vs2019\robot_lua_game\x64\release\input.obj
c:\dev\git\fbl\project_vs2019\robot_lua_game\x64\release\fbl.obj
c:\dev\git\fbl\project_vs2019\robot_lua_game\x64\release\dllist.obj
c:\dev\git\fbl\project_vs2019\robot_lua_game\x64\release\a_star.obj
c:\dev\git\fbl\project_vs2019\x64\release\robot_lua_game.exe
c:\dev\git\fbl\project_vs2019\x64\release\robot_lua_game.pdb
c:\dev\git\fbl\project_vs2019\x64\release\robot_lua_game.lib
c:\dev\git\fbl\project_vs2019\x64\release\robot_lua_game.exp
c:\dev\git\fbl\project_vs2019\robot_lua_game\x64\release\robot_lua_game.ipdb
c:\dev\git\fbl\project_vs2019\robot_lua_game\x64\release\robot_lua_game.iobj
c:\dev\git\fbl\project_vs2022\robot_lua_game\x64\release\a_star.obj
c:\dev\git\fbl\project_vs2022\robot_lua_game\x64\release\dllist.obj
c:\dev\git\fbl\project_vs2022\robot_lua_game\x64\release\fbl.obj
c:\dev\git\fbl\project_vs2022\robot_lua_game\x64\release\input.obj
c:\dev\git\fbl\project_vs2022\robot_lua_game\x64\release\lua.obj
c:\dev\git\fbl\project_vs2022\robot_lua_game\x64\release\network.obj
c:\dev\git\fbl\project_vs2022\robot_lua_game\x64\release\particles.obj
c:\dev\git\fbl\project_vs2022\robot_lua_game\x64\release\pathfind.obj
c:\dev\git\fbl\project_vs2022\robot_lua_game\x64\release\physics.obj
c:\dev\git\fbl\project_vs2022\robot_lua_game\x64\release\primitives.obj
c:\dev\git\fbl\project_vs2022\robot_lua_game\x64\release\robotgame_shell.obj
c:\dev\git\fbl\project_vs2022\robot_lua_game\x64\release\sound.obj
c:\dev\git\fbl\project_vs2022\robot_lua_game\x64\release\sprite.obj
c:\dev\git\fbl\project_vs2022\robot_lua_game\x64\release\text.obj
c:\dev\git\fbl\project_vs2022\robot_lua_game\x64\release\thread.obj
c:\dev\git\fbl\project_vs2022\robot_lua_game\x64\release\ui.obj
c:\dev\git\fbl\project_vs2022\robot_lua_game\x64\release\robot_lua_game.ipdb
c:\dev\git\fbl\project_vs2022\robot_lua_game\x64\release\robot_lua_game.iobj
c:\dev\git\fbl\project_vs2022\robot_lua_game\x64\release\vc143.pdb
c:\dev\git\fbl\project_vs2022\x64\release\robot_lua_game.pdb
c:\dev\git\fbl\project_vs2022\x64\release\robot_lua_game.exe
c:\dev\git\fbl\project_vs2022\robot_lua_game\x64\release\robot_lua_game.tlog\cl.command.1.tlog
c:\dev\git\fbl\project_vs2022\robot_lua_game\x64\release\robot_lua_game.tlog\cl.items.tlog
c:\dev\git\fbl\project_vs2022\robot_lua_game\x64\release\robot_lua_game.tlog\cl.read.1.tlog
c:\dev\git\fbl\project_vs2022\robot_lua_game\x64\release\robot_lua_game.tlog\cl.write.1.tlog
c:\dev\git\fbl\project_vs2022\robot_lua_game\x64\release\robot_lua_game.tlog\link.command.1.tlog
c:\dev\git\fbl\project_vs2022\robot_lua_game\x64\release\robot_lua_game.tlog\link.read.1.tlog
c:\dev\git\fbl\project_vs2022\robot_lua_game\x64\release\robot_lua_game.tlog\link.secondary.1.tlog
c:\dev\git\fbl\project_vs2022\robot_lua_game\x64\release\robot_lua_game.tlog\link.write.1.tlog
