  Addons.cpp
C:\dev\git\fbl\game_projects\Ca2\Addons.cpp(182,33): warning C4244: '=': conversion from 'int' to 'uint16_t', possible loss of data
C:\dev\git\fbl\game_projects\Ca2\Addons.cpp(190,33): warning C4244: '=': conversion from 'int' to 'uint16_t', possible loss of data
C:\dev\git\fbl\game_projects\Ca2\Addons.cpp(205,34): warning C4244: '=': conversion from 'int' to 'uint16_t', possible loss of data
C:\dev\git\fbl\game_projects\Ca2\Addons.cpp(207,34): warning C4244: '=': conversion from 'int' to 'uint16_t', possible loss of data
C:\dev\git\fbl\game_projects\Ca2\Addons.cpp(217,34): warning C4244: '=': conversion from 'int' to 'uint16_t', possible loss of data
C:\dev\git\fbl\game_projects\Ca2\Addons.cpp(221,34): warning C4244: '=': conversion from 'int' to 'uint16_t', possible loss of data
  Ca2.cpp
  Chars.cpp
C:\dev\git\fbl\game_projects\Ca2\Chars.cpp(53,43): warning C4305: 'initializing': truncation from 'double' to 'float'
C:\dev\git\fbl\game_projects\Ca2\Chars.cpp(126,16): warning C4244: 'initializing': conversion from 'uint32_t' to 'float', possible loss of data
C:\dev\git\fbl\game_projects\Ca2\Chars.cpp(127,16): warning C4244: 'initializing': conversion from 'uint32_t' to 'float', possible loss of data
C:\dev\git\fbl\game_projects\Ca2\Chars.cpp(128,27): warning C4244: 'initializing': conversion from 'uint32_t' to 'uint8_t', possible loss of data
C:\dev\git\fbl\game_projects\Ca2\Chars.cpp(156,14): warning C4457: declaration of 'e' hides function parameter
      C:\dev\git\fbl\game_projects\Ca2\Chars.cpp(154,44):
      see declaration of 'e'
  
C:\dev\git\fbl\game_projects\Ca2\Chars.cpp(220,58): warning C4100: 'npc': unreferenced formal parameter
  CameraSystem.cpp
C:\dev\git\fbl\game_projects\Ca2\Ecs\Systems\CameraSystem.cpp(33,9): warning C4189: 'pos': local variable is initialized but not referenced
C:\dev\git\fbl\game_projects\Ca2\Ecs\Systems\CameraSystem.cpp(77,89): warning C4244: '=': conversion from 'double' to 'float', possible loss of data
C:\dev\git\fbl\game_projects\Ca2\Ecs\Systems\CameraSystem.cpp(82,89): warning C4244: '=': conversion from 'double' to 'float', possible loss of data
C:\dev\git\fbl\game_projects\Ca2\Ecs\Systems\CameraSystem.cpp(87,89): warning C4244: '=': conversion from 'double' to 'float', possible loss of data
C:\dev\git\fbl\game_projects\Ca2\Ecs\Systems\CameraSystem.cpp(92,89): warning C4244: '=': conversion from 'double' to 'float', possible loss of data
  DialogueTrigSystem.cpp
C:\dev\git\fbl\game_projects\Ca2\Ecs\Systems\DialogueTrigSystem.cpp(34,9): warning C4189: 'pos': local variable is initialized but not referenced
C:\dev\git\fbl\game_projects\Ca2\Ecs\Systems\DialogueTrigSystem.cpp(35,9): warning C4189: 'trig': local variable is initialized but not referenced
  LightSystem.cpp
C:\dev\git\fbl\game_projects\Ca2\Ecs\Systems\LightSystem.cpp(32,31): warning C4244: '=': conversion from 'int' to 'uint16_t', possible loss of data
C:\dev\git\fbl\game_projects\Ca2\Ecs\Systems\LightSystem.cpp(34,109): warning C4244: 'argument': conversion from 'float' to 'int', possible loss of data
C:\dev\git\fbl\game_projects\Ca2\Ecs\Systems\LightSystem.cpp(34,67): warning C4244: 'argument': conversion from 'float' to 'int', possible loss of data
C:\dev\git\fbl\game_projects\Ca2\Ecs\Systems\LightSystem.cpp(53,110): warning C4244: 'argument': conversion from 'float' to 'int', possible loss of data
C:\dev\git\fbl\game_projects\Ca2\Ecs\Systems\LightSystem.cpp(53,68): warning C4244: 'argument': conversion from 'float' to 'int', possible loss of data
C:\dev\git\fbl\game_projects\Ca2\Ecs\Systems\LightSystem.cpp(55,50): warning C4244: 'argument': conversion from 'float' to 'int', possible loss of data
C:\dev\git\fbl\game_projects\Ca2\Ecs\Systems\LightSystem.cpp(55,38): warning C4244: 'argument': conversion from 'float' to 'int', possible loss of data
  MouseCtrlSystem.cpp
C:\dev\git\fbl\game_projects\Ca2\Ecs\Systems\MouseCtrlSystem.cpp(23,41): warning C4100: 'ecs': unreferenced formal parameter
C:\dev\git\fbl\game_projects\Ca2\Ecs\Systems\MouseCtrlSystem.cpp(26,19): warning C4189: 'entity': local variable is initialized but not referenced
C:\dev\git\fbl\game_projects\Ca2\Ecs\Systems\MouseCtrlSystem.cpp(52,43): warning C4244: '=': conversion from 'int' to 'uint16_t', possible loss of data
C:\dev\git\fbl\game_projects\Ca2\Ecs\Systems\MouseCtrlSystem.cpp(53,43): warning C4244: '=': conversion from 'int' to 'uint16_t', possible loss of data
  PathSystem.cpp
C:\dev\git\fbl\game_projects\Ca2\Ecs\Systems\PathSystem.cpp(35,28): warning C4244: '=': conversion from 'int' to 'uint8_t', possible loss of data
C:\dev\git\fbl\game_projects\Ca2\Ecs\Systems\PathSystem.cpp(32,9): warning C4189: 'pos': local variable is initialized but not referenced
C:\dev\git\fbl\game_projects\Ca2\Ecs\Systems\PathSystem.cpp(60,78): warning C4244: 'argument': conversion from 'float' to 'int', possible loss of data
C:\dev\git\fbl\game_projects\Ca2\Ecs\Systems\PathSystem.cpp(60,71): warning C4244: 'argument': conversion from 'float' to 'int', possible loss of data
C:\dev\git\fbl\game_projects\Ca2\Ecs\Systems\PathSystem.cpp(72,43): warning C4244: 'argument': conversion from 'float' to 'int', possible loss of data
C:\dev\git\fbl\game_projects\Ca2\Ecs\Systems\PathSystem.cpp(72,36): warning C4244: 'argument': conversion from 'float' to 'int', possible loss of data
  AutoAimSystem.cpp
C:\dev\git\fbl\game_projects\Ca2\Ecs\Systems\Race\AutoAimSystem.cpp(35,30): warning C4244: '=': conversion from 'int' to 'uint16_t', possible loss of data
C:\dev\git\fbl\game_projects\Ca2\Ecs\Systems\Race\AutoAimSystem.cpp(30,9): warning C4189: 'pos': local variable is initialized but not referenced
C:\dev\git\fbl\game_projects\Ca2\Ecs\Systems\Race\AutoAimSystem.cpp(31,9): warning C4189: 'sta': local variable is initialized but not referenced
C:\dev\git\fbl\game_projects\Ca2\Ecs\Systems\Race\AutoAimSystem.cpp(72,41): warning C4244: 'argument': conversion from 'int' to 'unsigned short', possible loss of data
C:\dev\git\fbl\game_projects\Ca2\Ecs\Systems\Race\AutoAimSystem.cpp(74,83): warning C4244: 'argument': conversion from 'int' to 'unsigned short', possible loss of data
C:\dev\git\fbl\game_projects\Ca2\Ecs\Systems\Race\AutoAimSystem.cpp(78,51): warning C4244: 'argument': conversion from 'int' to 'unsigned short', possible loss of data
C:\dev\git\fbl\game_projects\Ca2\Ecs\Systems\Race\AutoAimSystem.cpp(53,9): warning C4189: 'sta': local variable is initialized but not referenced
C:\dev\git\fbl\game_projects\Ca2\Ecs\Systems\Race\AutoAimSystem.cpp(74,11): warning C4189: 'targetSta': local variable is initialized but not referenced
C:\dev\git\fbl\game_projects\Ca2\Ecs\Systems\Race\AutoAimSystem.cpp(114,65): warning C4244: 'argument': conversion from 'float' to 'int', possible loss of data
C:\dev\git\fbl\game_projects\Ca2\Ecs\Systems\Race\AutoAimSystem.cpp(114,37): warning C4244: 'argument': conversion from 'float' to 'int', possible loss of data
C:\dev\git\fbl\game_projects\Ca2\Ecs\Systems\Race\AutoAimSystem.cpp(118,40): warning C4244: 'argument': conversion from 'float' to 'int', possible loss of data
C:\dev\git\fbl\game_projects\Ca2\Ecs\Systems\Race\AutoAimSystem.cpp(120,68): warning C4244: 'argument': conversion from 'float' to 'int', possible loss of data
C:\dev\git\fbl\game_projects\Ca2\Ecs\Systems\Race\AutoAimSystem.cpp(120,40): warning C4244: 'argument': conversion from 'float' to 'int', possible loss of data
C:\dev\git\fbl\game_projects\Ca2\Ecs\Systems\Race\AutoAimSystem.cpp(124,65): warning C4244: 'argument': conversion from 'float' to 'int', possible loss of data
C:\dev\git\fbl\game_projects\Ca2\Ecs\Systems\Race\AutoAimSystem.cpp(124,54): warning C4244: 'argument': conversion from 'float' to 'int', possible loss of data
C:\dev\git\fbl\game_projects\Ca2\Ecs\Systems\Race\AutoAimSystem.cpp(125,59): warning C4244: 'argument': conversion from 'float' to 'int', possible loss of data
C:\dev\git\fbl\game_projects\Ca2\Ecs\Systems\Race\AutoAimSystem.cpp(125,39): warning C4244: 'argument': conversion from 'float' to 'int', possible loss of data
C:\dev\git\fbl\game_projects\Ca2\Ecs\Systems\Race\AutoAimSystem.cpp(129,48): warning C4244: 'argument': conversion from 'float' to 'int', possible loss of data
C:\dev\git\fbl\game_projects\Ca2\Ecs\Systems\Race\AutoAimSystem.cpp(129,37): warning C4244: 'argument': conversion from 'float' to 'int', possible loss of data
C:\dev\git\fbl\game_projects\Ca2\Ecs\Systems\Race\AutoAimSystem.cpp(133,43): warning C4244: 'argument': conversion from 'float' to 'int', possible loss of data
C:\dev\git\fbl\game_projects\Ca2\Ecs\Systems\Race\AutoAimSystem.cpp(135,60): warning C4244: 'argument': conversion from 'float' to 'int', possible loss of data
C:\dev\git\fbl\game_projects\Ca2\Ecs\Systems\Race\AutoAimSystem.cpp(135,40): warning C4244: 'argument': conversion from 'float' to 'int', possible loss of data
C:\dev\git\fbl\game_projects\Ca2\Ecs\Systems\Race\AutoAimSystem.cpp(139,82): warning C4244: 'argument': conversion from 'float' to 'int', possible loss of data
C:\dev\git\fbl\game_projects\Ca2\Ecs\Systems\Race\AutoAimSystem.cpp(139,37): warning C4244: 'argument': conversion from 'float' to 'int', possible loss of data
C:\dev\git\fbl\game_projects\Ca2\Ecs\Systems\Race\AutoAimSystem.cpp(140,67): warning C4244: 'argument': conversion from 'float' to 'int', possible loss of data
C:\dev\git\fbl\game_projects\Ca2\Ecs\Systems\Race\AutoAimSystem.cpp(140,39): warning C4244: 'argument': conversion from 'float' to 'int', possible loss of data
  BasicAISystem.cpp
  DiagSystem.cpp
C:\dev\git\fbl\game_projects\Ca2\Ecs\Systems\Race\DiagSystem.cpp(30,9): warning C4189: 'diag': local variable is initialized but not referenced
  HealSystem.cpp
C:\dev\git\fbl\game_projects\Ca2\Ecs\Systems\Race\HealSystem.cpp(34,39): warning C4244: '=': conversion from 'int' to 'uint16_t', possible loss of data
C:\dev\git\fbl\game_projects\Ca2\Ecs\Systems\Race\HealSystem.cpp(67,59): warning C4244: 'argument': conversion from 'float' to 'int', possible loss of data
C:\dev\git\fbl\game_projects\Ca2\Ecs\Systems\Race\HealSystem.cpp(67,47): warning C4244: 'argument': conversion from 'float' to 'int', possible loss of data
C:\dev\git\fbl\game_projects\Ca2\Ecs\Systems\Race\HealSystem.cpp(69,16): warning C4305: '+=': truncation from 'double' to 'float'
C:\dev\git\fbl\game_projects\Ca2\Ecs\Systems\Race\HealSystem.cpp(71,57): warning C4244: '-=': conversion from 'double' to 'float', possible loss of data
  LaserSystem.cpp
C:\dev\git\fbl\game_projects\Ca2\Ecs\Systems\Race\LaserSystem.cpp(39,36): warning C4244: '=': conversion from 'int' to 'uint16_t', possible loss of data
C:\dev\git\fbl\game_projects\Ca2\Ecs\Systems\Race\LaserSystem.cpp(44,30): warning C4244: '=': conversion from 'int' to 'uint16_t', possible loss of data
C:\dev\git\fbl\game_projects\Ca2\Ecs\Systems\Race\LaserSystem.cpp(60,38): warning C4244: '=': conversion from 'int' to 'uint16_t', possible loss of data
C:\dev\git\fbl\game_projects\Ca2\Ecs\Systems\Race\LaserSystem.cpp(61,83): warning C4305: 'argument': truncation from 'double' to 'float'
C:\dev\git\fbl\game_projects\Ca2\Ecs\Systems\Race\LaserSystem.cpp(61,78): warning C4305: 'argument': truncation from 'double' to 'float'
C:\dev\git\fbl\game_projects\Ca2\Ecs\Systems\Race\LaserSystem.cpp(33,9): warning C4189: 'pos': local variable is initialized but not referenced
C:\dev\git\fbl\game_projects\Ca2\Ecs\Systems\Race\LaserSystem.cpp(36,9): warning C4189: 'aim': local variable is initialized but not referenced
C:\dev\git\fbl\game_projects\Ca2\Ecs\Systems\Race\LaserSystem.cpp(34,9): warning C4189: 'sta': local variable is initialized but not referenced
C:\dev\git\fbl\game_projects\Ca2\Ecs\Systems\Race\LaserSystem.cpp(102,56): warning C4244: 'argument': conversion from 'float' to 'int', possible loss of data
C:\dev\git\fbl\game_projects\Ca2\Ecs\Systems\Race\LaserSystem.cpp(102,44): warning C4244: 'argument': conversion from 'float' to 'int', possible loss of data
C:\dev\git\fbl\game_projects\Ca2\Ecs\Systems\Race\LaserSystem.cpp(105,56): warning C4244: 'argument': conversion from 'float' to 'int', possible loss of data
C:\dev\git\fbl\game_projects\Ca2\Ecs\Systems\Race\LaserSystem.cpp(105,44): warning C4244: 'argument': conversion from 'float' to 'int', possible loss of data
C:\dev\git\fbl\game_projects\Ca2\Ecs\Systems\Race\LaserSystem.cpp(108,56): warning C4244: 'argument': conversion from 'float' to 'int', possible loss of data
C:\dev\git\fbl\game_projects\Ca2\Ecs\Systems\Race\LaserSystem.cpp(108,44): warning C4244: 'argument': conversion from 'float' to 'int', possible loss of data
C:\dev\git\fbl\game_projects\Ca2\Ecs\Systems\Race\LaserSystem.cpp(111,55): warning C4244: 'argument': conversion from 'float' to 'int', possible loss of data
C:\dev\git\fbl\game_projects\Ca2\Ecs\Systems\Race\LaserSystem.cpp(111,44): warning C4244: 'argument': conversion from 'float' to 'int', possible loss of data
C:\dev\git\fbl\game_projects\Ca2\Ecs\Systems\Race\LaserSystem.cpp(140,53): warning C4244: '-=': conversion from 'double' to 'float', possible loss of data
C:\dev\git\fbl\game_projects\Ca2\Ecs\Systems\Race\LaserSystem.cpp(156,58): warning C4244: 'argument': conversion from 'int' to 'unsigned short', possible loss of data
C:\dev\git\fbl\game_projects\Ca2\Ecs\Systems\Race\LaserSystem.cpp(198,64): warning C4244: '-=': conversion from 'double' to 'float', possible loss of data
C:\dev\git\fbl\game_projects\Ca2\Ecs\Systems\Race\LaserSystem.cpp(200,64): warning C4244: '-=': conversion from 'double' to 'float', possible loss of data
C:\dev\git\fbl\game_projects\Ca2\Ecs\Systems\Race\LaserSystem.cpp(203,63): warning C4244: '-=': conversion from 'double' to 'float', possible loss of data
C:\dev\git\fbl\game_projects\Ca2\Ecs\Systems\Race\LaserSystem.cpp(206,62): warning C4244: '-=': conversion from 'double' to 'float', possible loss of data
C:\dev\git\fbl\game_projects\Ca2\Ecs\Systems\Race\LaserSystem.cpp(231,60): warning C4244: 'argument': conversion from 'float' to 'int', possible loss of data
C:\dev\git\fbl\game_projects\Ca2\Ecs\Systems\Race\LaserSystem.cpp(231,47): warning C4244: 'argument': conversion from 'float' to 'int', possible loss of data
C:\dev\git\fbl\game_projects\Ca2\Ecs\Systems\Race\LaserSystem.cpp(237,30): warning C4389: '==': signed/unsigned mismatch
C:\dev\git\fbl\game_projects\Ca2\Ecs\Systems\Race\LaserSystem.cpp(262,64): warning C4244: 'argument': conversion from 'float' to 'int', possible loss of data
C:\dev\git\fbl\game_projects\Ca2\Ecs\Systems\Race\LaserSystem.cpp(262,36): warning C4244: 'argument': conversion from 'float' to 'int', possible loss of data
C:\dev\git\fbl\game_projects\Ca2\Ecs\Systems\Race\LaserSystem.cpp(266,39): warning C4244: 'argument': conversion from 'float' to 'int', possible loss of data
C:\dev\git\fbl\game_projects\Ca2\Ecs\Systems\Race\LaserSystem.cpp(268,67): warning C4244: 'argument': conversion from 'float' to 'int', possible loss of data
C:\dev\git\fbl\game_projects\Ca2\Ecs\Systems\Race\LaserSystem.cpp(268,39): warning C4244: 'argument': conversion from 'float' to 'int', possible loss of data
C:\dev\git\fbl\game_projects\Ca2\Ecs\Systems\Race\LaserSystem.cpp(272,64): warning C4244: 'argument': conversion from 'float' to 'int', possible loss of data
C:\dev\git\fbl\game_projects\Ca2\Ecs\Systems\Race\LaserSystem.cpp(272,53): warning C4244: 'argument': conversion from 'float' to 'int', possible loss of data
C:\dev\git\fbl\game_projects\Ca2\Ecs\Systems\Race\LaserSystem.cpp(273,58): warning C4244: 'argument': conversion from 'float' to 'int', possible loss of data
C:\dev\git\fbl\game_projects\Ca2\Ecs\Systems\Race\LaserSystem.cpp(273,38): warning C4244: 'argument': conversion from 'float' to 'int', possible loss of data
C:\dev\git\fbl\game_projects\Ca2\Ecs\Systems\Race\LaserSystem.cpp(277,47): warning C4244: 'argument': conversion from 'float' to 'int', possible loss of data
C:\dev\git\fbl\game_projects\Ca2\Ecs\Systems\Race\LaserSystem.cpp(277,36): warning C4244: 'argument': conversion from 'float' to 'int', possible loss of data
C:\dev\git\fbl\game_projects\Ca2\Ecs\Systems\Race\LaserSystem.cpp(281,42): warning C4244: 'argument': conversion from 'float' to 'int', possible loss of data
C:\dev\git\fbl\game_projects\Ca2\Ecs\Systems\Race\LaserSystem.cpp(283,59): warning C4244: 'argument': conversion from 'float' to 'int', possible loss of data
C:\dev\git\fbl\game_projects\Ca2\Ecs\Systems\Race\LaserSystem.cpp(283,39): warning C4244: 'argument': conversion from 'float' to 'int', possible loss of data
C:\dev\git\fbl\game_projects\Ca2\Ecs\Systems\Race\LaserSystem.cpp(287,81): warning C4244: 'argument': conversion from 'float' to 'int', possible loss of data
C:\dev\git\fbl\game_projects\Ca2\Ecs\Systems\Race\LaserSystem.cpp(287,36): warning C4244: 'argument': conversion from 'float' to 'int', possible loss of data
C:\dev\git\fbl\game_projects\Ca2\Ecs\Systems\Race\LaserSystem.cpp(288,66): warning C4244: 'argument': conversion from 'float' to 'int', possible loss of data
C:\dev\git\fbl\game_projects\Ca2\Ecs\Systems\Race\LaserSystem.cpp(288,38): warning C4244: 'argument': conversion from 'float' to 'int', possible loss of data
  MagnetSystem.cpp
C:\dev\git\fbl\game_projects\Ca2\Ecs\Systems\Race\MagnetSystem.cpp(32,35): warning C4244: '=': conversion from 'int' to 'uint16_t', possible loss of data
C:\dev\git\fbl\game_projects\Ca2\Ecs\Systems\Race\MagnetSystem.cpp(28,9): warning C4189: 'pos': local variable is initialized but not referenced
C:\dev\git\fbl\game_projects\Ca2\Ecs\Systems\Race\MagnetSystem.cpp(67,35): warning C4244: 'argument': conversion from 'float' to 'int', possible loss of data
C:\dev\git\fbl\game_projects\Ca2\Ecs\Systems\Race\MagnetSystem.cpp(67,23): warning C4244: 'argument': conversion from 'float' to 'int', possible loss of data
C:\dev\git\fbl\game_projects\Ca2\Ecs\Systems\Race\MagnetSystem.cpp(84,54): warning C4244: 'argument': conversion from 'float' to 'int', possible loss of data
C:\dev\git\fbl\game_projects\Ca2\Ecs\Systems\Race\MagnetSystem.cpp(84,42): warning C4244: 'argument': conversion from 'float' to 'int', possible loss of data
C:\dev\git\fbl\game_projects\Ca2\Ecs\Systems\Race\MagnetSystem.cpp(98,18): warning C4244: 'return': conversion from 'double' to 'int', possible loss of data
  PathLogicSystem.cpp
  RobotCtrlSystem.cpp
C:\dev\git\fbl\game_projects\Ca2\Ecs\Systems\Race\RobotCtrlSystem.cpp(54,43): warning C4244: '=': conversion from 'int' to 'uint16_t', possible loss of data
C:\dev\git\fbl\game_projects\Ca2\Ecs\Systems\Race\RobotCtrlSystem.cpp(55,43): warning C4244: '=': conversion from 'int' to 'uint16_t', possible loss of data
  ShieldSystem.cpp
C:\dev\git\fbl\game_projects\Ca2\Ecs\Systems\Race\ShieldSystem.cpp(34,38): warning C4244: '=': conversion from 'int' to 'uint16_t', possible loss of data
C:\dev\git\fbl\game_projects\Ca2\Ecs\Systems\Race\ShieldSystem.cpp(30,9): warning C4189: 'pos': local variable is initialized but not referenced
C:\dev\git\fbl\game_projects\Ca2\Ecs\Systems\Race\ShieldSystem.cpp(75,58): warning C4244: 'argument': conversion from 'float' to 'int', possible loss of data
C:\dev\git\fbl\game_projects\Ca2\Ecs\Systems\Race\ShieldSystem.cpp(75,46): warning C4244: 'argument': conversion from 'float' to 'int', possible loss of data
C:\dev\git\fbl\game_projects\Ca2\Ecs\Systems\Race\ShieldSystem.cpp(77,59): warning C4244: '-=': conversion from 'double' to 'float', possible loss of data
  TurboSystem.cpp
C:\dev\git\fbl\game_projects\Ca2\Ecs\Systems\Race\TurboSystem.cpp(23,37): warning C4100: 'ecs': unreferenced formal parameter
C:\dev\git\fbl\game_projects\Ca2\Ecs\Systems\Race\TurboSystem.cpp(43,56): warning C4244: '-=': conversion from 'double' to 'float', possible loss of data
  SpriteSystem.cpp
C:\dev\git\fbl\game_projects\Ca2\Ecs\Systems\SpriteSystem.cpp(30,33): warning C4244: '=': conversion from 'int' to 'uint16_t', possible loss of data
C:\dev\git\fbl\game_projects\Ca2\Ecs\Systems\SpriteSystem.cpp(31,43): warning C4244: 'argument': conversion from 'float' to 'int', possible loss of data
C:\dev\git\fbl\game_projects\Ca2\Ecs\Systems\SpriteSystem.cpp(31,36): warning C4244: 'argument': conversion from 'float' to 'int', possible loss of data
C:\dev\git\fbl\game_projects\Ca2\Ecs\Systems\SpriteSystem.cpp(83,49): warning C4244: 'argument': conversion from 'float' to 'int', possible loss of data
C:\dev\git\fbl\game_projects\Ca2\Ecs\Systems\SpriteSystem.cpp(83,42): warning C4244: 'argument': conversion from 'float' to 'int', possible loss of data
C:\dev\git\fbl\game_projects\Ca2\Ecs\Systems\SpriteSystem.cpp(86,51): warning C4244: 'argument': conversion from 'float' to 'int', possible loss of data
C:\dev\git\fbl\game_projects\Ca2\Ecs\Systems\SpriteSystem.cpp(86,39): warning C4244: 'argument': conversion from 'float' to 'int', possible loss of data
  Efx.cpp
C:\dev\git\fbl\game_projects\Ca2\Efx.cpp(49,11): warning C4244: 'return': conversion from 'double' to 'float', possible loss of data
C:\dev\git\fbl\game_projects\Ca2\Efx.cpp(53,10): warning C4305: 'initializing': truncation from 'double' to 'float'
C:\dev\git\fbl\game_projects\Ca2\Efx.cpp(54,61): warning C4244: 'return': conversion from 'double' to 'float', possible loss of data
C:\dev\git\fbl\game_projects\Ca2\Efx.cpp(60,50): warning C4244: '=': conversion from 'int' to 'float', possible loss of data
C:\dev\git\fbl\game_projects\Ca2\Efx.cpp(61,48): warning C4244: '=': conversion from 'int' to 'float', possible loss of data
C:\dev\git\fbl\game_projects\Ca2\Efx.cpp(63,48): warning C4244: '=': conversion from 'int' to 'float', possible loss of data
C:\dev\git\fbl\game_projects\Ca2\Efx.cpp(88,11): warning C4244: '=': conversion from 'double' to 'float', possible loss of data
C:\dev\git\fbl\game_projects\Ca2\Efx.cpp(115,20): warning C4244: '=': conversion from 'int' to 'uint16_t', possible loss of data
C:\dev\git\fbl\game_projects\Ca2\Efx.cpp(116,19): warning C4244: '=': conversion from 'int' to 'uint16_t', possible loss of data
C:\dev\git\fbl\game_projects\Ca2\Efx.cpp(144,34): warning C4244: '=': conversion from 'int' to 'uint16_t', possible loss of data
C:\dev\git\fbl\game_projects\Ca2\Efx.cpp(145,77): warning C4305: 'argument': truncation from 'double' to 'float'
C:\dev\git\fbl\game_projects\Ca2\Efx.cpp(175,32): warning C4244: '=': conversion from 'int' to 'uint16_t', possible loss of data
C:\dev\git\fbl\game_projects\Ca2\Efx.cpp(178,72): warning C4305: 'argument': truncation from 'double' to 'float'
C:\dev\git\fbl\game_projects\Ca2\Efx.cpp(205,36): warning C4100: 'in': unreferenced formal parameter
  Compiling...
  Game.cpp
C:\dev\git\fbl\game_projects\Ca2\Game.cpp(54,12): warning C4244: 'argument': conversion from 'time_t' to 'unsigned int', possible loss of data
  Dialogue.cpp
  Explore.cpp
C:\dev\git\fbl\game_projects\Ca2\GameState\Explore.cpp(60,56): warning C4244: 'argument': conversion from 'int' to 'uint8_t', possible loss of data
  GameState.cpp
  Maintenance.cpp
C:\dev\git\fbl\game_projects\Ca2\GameState\Maintenance.cpp(72,11): warning C4456: declaration of 'sta' hides previous local declaration
      C:\dev\git\fbl\game_projects\Ca2\GameState\Maintenance.cpp(66,9):
      see declaration of 'sta'
  
C:\dev\git\fbl\game_projects\Ca2\GameState\Maintenance.cpp(137,28): warning C4244: '=': conversion from 'int' to 'uint16_t', possible loss of data
C:\dev\git\fbl\game_projects\Ca2\GameState\Maintenance.cpp(138,28): warning C4244: '=': conversion from 'int' to 'uint16_t', possible loss of data
C:\dev\git\fbl\game_projects\Ca2\GameState\Maintenance.cpp(139,28): warning C4244: '=': conversion from 'int' to 'uint16_t', possible loss of data
C:\dev\git\fbl\game_projects\Ca2\GameState\Maintenance.cpp(140,28): warning C4244: '=': conversion from 'int' to 'uint16_t', possible loss of data
C:\dev\git\fbl\game_projects\Ca2\GameState\Maintenance.cpp(141,28): warning C4244: '=': conversion from 'int' to 'uint16_t', possible loss of data
C:\dev\git\fbl\game_projects\Ca2\GameState\Maintenance.cpp(142,28): warning C4244: '=': conversion from 'int' to 'uint16_t', possible loss of data
C:\dev\git\fbl\game_projects\Ca2\GameState\Maintenance.cpp(143,28): warning C4244: '=': conversion from 'int' to 'uint16_t', possible loss of data
C:\dev\git\fbl\game_projects\Ca2\GameState\Maintenance.cpp(144,28): warning C4244: '=': conversion from 'int' to 'uint16_t', possible loss of data
C:\dev\git\fbl\game_projects\Ca2\GameState\Maintenance.cpp(167,95): warning C4244: 'argument': conversion from 'float' to 'int', possible loss of data
C:\dev\git\fbl\game_projects\Ca2\GameState\Maintenance.cpp(167,40): warning C4244: '=': conversion from 'int' to 'uint16_t', possible loss of data
C:\dev\git\fbl\game_projects\Ca2\GameState\Maintenance.cpp(222,18): warning C4244: '=': conversion from 'int' to 'uint16_t', possible loss of data
C:\dev\git\fbl\game_projects\Ca2\GameState\Maintenance.cpp(223,18): warning C4244: '=': conversion from 'int' to 'uint16_t', possible loss of data
C:\dev\git\fbl\game_projects\Ca2\GameState\Maintenance.cpp(224,37): warning C4244: '=': conversion from 'int' to 'uint16_t', possible loss of data
C:\dev\git\fbl\game_projects\Ca2\GameState\Maintenance.cpp(227,37): warning C4244: '=': conversion from 'int' to 'float', possible loss of data
C:\dev\git\fbl\game_projects\Ca2\GameState\Maintenance.cpp(231,44): warning C4244: '=': conversion from 'float' to 'uint16_t', possible loss of data
C:\dev\git\fbl\game_projects\Ca2\GameState\Maintenance.cpp(236,81): warning C4244: 'argument': conversion from 'float' to 'int', possible loss of data
C:\dev\git\fbl\game_projects\Ca2\GameState\Maintenance.cpp(236,41): warning C4244: '=': conversion from 'int' to 'uint16_t', possible loss of data
C:\dev\git\fbl\game_projects\Ca2\GameState\Maintenance.cpp(239,41): warning C4244: '=': conversion from 'int' to 'uint16_t', possible loss of data
C:\dev\git\fbl\game_projects\Ca2\GameState\Maintenance.cpp(243,42): warning C4244: '=': conversion from 'int' to 'uint16_t', possible loss of data
C:\dev\git\fbl\game_projects\Ca2\GameState\Maintenance.cpp(245,44): warning C4244: '=': conversion from 'int' to 'uint16_t', possible loss of data
C:\dev\git\fbl\game_projects\Ca2\GameState\Maintenance.cpp(277,21): warning C4244: '=': conversion from 'int' to 'uint16_t', possible loss of data
C:\dev\git\fbl\game_projects\Ca2\GameState\Maintenance.cpp(278,21): warning C4244: '=': conversion from 'int' to 'uint16_t', possible loss of data
C:\dev\git\fbl\game_projects\Ca2\GameState\Maintenance.cpp(286,42): warning C4244: '=': conversion from 'int' to 'uint16_t', possible loss of data
C:\dev\git\fbl\game_projects\Ca2\GameState\Maintenance.cpp(288,42): warning C4244: '=': conversion from 'int' to 'uint16_t', possible loss of data
C:\dev\git\fbl\game_projects\Ca2\GameState\Maintenance.cpp(290,42): warning C4244: '=': conversion from 'int' to 'uint16_t', possible loss of data
C:\dev\git\fbl\game_projects\Ca2\GameState\Maintenance.cpp(293,47): warning C4244: '=': conversion from 'int' to 'uint16_t', possible loss of data
C:\dev\git\fbl\game_projects\Ca2\GameState\Maintenance.cpp(295,47): warning C4244: '=': conversion from 'int' to 'uint16_t', possible loss of data
C:\dev\git\fbl\game_projects\Ca2\GameState\Maintenance.cpp(297,47): warning C4244: '=': conversion from 'int' to 'uint16_t', possible loss of data
C:\dev\git\fbl\game_projects\Ca2\GameState\Maintenance.cpp(302,46): warning C4244: '=': conversion from 'int' to 'uint16_t', possible loss of data
C:\dev\git\fbl\game_projects\Ca2\GameState\Maintenance.cpp(337,12): warning C4244: '=': conversion from 'int' to 'uint16_t', possible loss of data
C:\dev\git\fbl\game_projects\Ca2\GameState\Maintenance.cpp(338,12): warning C4244: '=': conversion from 'int' to 'uint16_t', possible loss of data
C:\dev\git\fbl\game_projects\Ca2\GameState\Maintenance.cpp(344,36): warning C4244: '=': conversion from 'int' to 'uint16_t', possible loss of data
C:\dev\git\fbl\game_projects\Ca2\GameState\Maintenance.cpp(349,39): warning C4244: '=': conversion from 'int' to 'uint16_t', possible loss of data
C:\dev\git\fbl\game_projects\Ca2\GameState\Maintenance.cpp(355,39): warning C4244: '=': conversion from 'int' to 'uint16_t', possible loss of data
C:\dev\git\fbl\game_projects\Ca2\GameState\Maintenance.cpp(390,11): warning C4244: '=': conversion from 'int' to 'uint16_t', possible loss of data
C:\dev\git\fbl\game_projects\Ca2\GameState\Maintenance.cpp(391,11): warning C4244: '=': conversion from 'int' to 'uint16_t', possible loss of data
C:\dev\git\fbl\game_projects\Ca2\GameState\Maintenance.cpp(396,36): warning C4244: '=': conversion from 'int' to 'uint16_t', possible loss of data
C:\dev\git\fbl\game_projects\Ca2\GameState\Maintenance.cpp(402,41): warning C4244: '=': conversion from 'int' to 'uint16_t', possible loss of data
C:\dev\git\fbl\game_projects\Ca2\GameState\Maintenance.cpp(408,39): warning C4244: '=': conversion from 'int' to 'uint16_t', possible loss of data
C:\dev\git\fbl\game_projects\Ca2\GameState\Maintenance.cpp(411,40): warning C4244: '=': conversion from 'int' to 'uint16_t', possible loss of data
C:\dev\git\fbl\game_projects\Ca2\GameState\Maintenance.cpp(457,72): warning C4244: '=': conversion from 'int' to 'uint16_t', possible loss of data
C:\dev\git\fbl\game_projects\Ca2\GameState\Maintenance.cpp(458,73): warning C4244: '=': conversion from 'int' to 'uint16_t', possible loss of data
C:\dev\git\fbl\game_projects\Ca2\GameState\Maintenance.cpp(466,64): warning C4244: 'argument': conversion from 'float' to 'int', possible loss of data
C:\dev\git\fbl\game_projects\Ca2\GameState\Maintenance.cpp(478,29): warning C4244: '=': conversion from 'const int' to 'int16_t', possible loss of data
C:\dev\git\fbl\game_projects\Ca2\GameState\Maintenance.cpp(486,29): warning C4244: '=': conversion from 'const int' to 'int16_t', possible loss of data
C:\dev\git\fbl\game_projects\Ca2\GameState\Maintenance.cpp(524,32): warning C4244: '=': conversion from 'const int' to 'int16_t', possible loss of data
C:\dev\git\fbl\game_projects\Ca2\GameState\Maintenance.cpp(534,32): warning C4244: '=': conversion from 'const int' to 'int16_t', possible loss of data
C:\dev\git\fbl\game_projects\Ca2\GameState\Maintenance.cpp(598,51): warning C4244: '=': conversion from 'int' to 'float', possible loss of data
C:\dev\git\fbl\game_projects\Ca2\GameState\Maintenance.cpp(607,51): warning C4244: '=': conversion from 'int' to 'float', possible loss of data
C:\dev\git\fbl\game_projects\Ca2\GameState\Maintenance.cpp(803,51): warning C4244: '=': conversion from 'int' to 'float', possible loss of data
C:\dev\git\fbl\game_projects\Ca2\GameState\Maintenance.cpp(807,55): warning C4244: 'argument': conversion from 'float' to 'int', possible loss of data
C:\dev\git\fbl\game_projects\Ca2\GameState\Maintenance.cpp(808,18): warning C4244: 'initializing': conversion from 'float' to 'int', possible loss of data
C:\dev\git\fbl\game_projects\Ca2\GameState\Maintenance.cpp(952,53): warning C4244: '=': conversion from 'int' to 'float', possible loss of data
C:\dev\git\fbl\game_projects\Ca2\GameState\Maintenance.cpp(957,53): warning C4244: '=': conversion from 'int' to 'float', possible loss of data
C:\dev\git\fbl\game_projects\Ca2\GameState\Maintenance.cpp(961,27): warning C4244: '=': conversion from 'const int' to 'int16_t', possible loss of data
C:\dev\git\fbl\game_projects\Ca2\GameState\Maintenance.cpp(990,36): warning C4244: '=': conversion from 'const int' to 'int16_t', possible loss of data
C:\dev\git\fbl\game_projects\Ca2\GameState\Maintenance.cpp(1015,37): warning C4244: '=': conversion from 'const int' to 'int16_t', possible loss of data
  CaptureFlags.cpp
C:\dev\git\fbl\game_projects\Ca2\GameState\Race\GameModes\CaptureFlags.cpp(31,58): warning C4244: 'argument': conversion from 'float' to 'int', possible loss of data
C:\dev\git\fbl\game_projects\Ca2\GameState\Race\GameModes\CaptureFlags.cpp(31,51): warning C4244: 'argument': conversion from 'float' to 'int', possible loss of data
C:\dev\git\fbl\game_projects\Ca2\GameState\Race\GameModes\CaptureFlags.cpp(46,27): warning C4244: '=': conversion from 'Entity' to 'int16_t', possible loss of data
C:\dev\git\fbl\game_projects\Ca2\GameState\Race\GameModes\CaptureFlags.cpp(69,28): warning C4389: '==': signed/unsigned mismatch
C:\dev\git\fbl\game_projects\Ca2\GameState\Race\GameModes\CaptureFlags.cpp(100,74): warning C4100: 'spr': unreferenced formal parameter
C:\dev\git\fbl\game_projects\Ca2\GameState\Race\GameModes\CaptureFlags.cpp(158,78): warning C4244: 'argument': conversion from 'float' to 'int', possible loss of data
C:\dev\git\fbl\game_projects\Ca2\GameState\Race\GameModes\CaptureFlags.cpp(158,71): warning C4244: 'argument': conversion from 'float' to 'int', possible loss of data
C:\dev\git\fbl\game_projects\Ca2\GameState\Race\GameModes\CaptureFlags.cpp(174,32): warning C4244: '=': conversion from 'int' to 'uint16_t', possible loss of data
C:\dev\git\fbl\game_projects\Ca2\GameState\Race\GameModes\CaptureFlags.cpp(175,32): warning C4244: '=': conversion from 'int' to 'uint16_t', possible loss of data
  DeathMatch.cpp
C:\dev\git\fbl\game_projects\Ca2\GameState\Race\GameModes\DeathMatch.cpp(39,74): warning C4100: 'spr': unreferenced formal parameter
C:\dev\git\fbl\game_projects\Ca2\GameState\Race\GameModes\DeathMatch.cpp(123,72): warning C4100: 'spr': unreferenced formal parameter
C:\dev\git\fbl\game_projects\Ca2\GameState\Race\GameModes\DeathMatch.cpp(180,78): warning C4244: 'argument': conversion from 'float' to 'int', possible loss of data
C:\dev\git\fbl\game_projects\Ca2\GameState\Race\GameModes\DeathMatch.cpp(180,71): warning C4244: 'argument': conversion from 'float' to 'int', possible loss of data
C:\dev\git\fbl\game_projects\Ca2\GameState\Race\GameModes\DeathMatch.cpp(196,32): warning C4244: '=': conversion from 'int' to 'uint16_t', possible loss of data
C:\dev\git\fbl\game_projects\Ca2\GameState\Race\GameModes\DeathMatch.cpp(197,32): warning C4244: '=': conversion from 'int' to 'uint16_t', possible loss of data
C:\dev\git\fbl\game_projects\Ca2\GameState\Race\GameModes\DeathMatch.cpp(198,16): warning C4244: '=': conversion from 'int' to 'int16_t', possible loss of data
C:\dev\git\fbl\game_projects\Ca2\GameState\Race\GameModes\DeathMatch.cpp(240,12): warning C4456: declaration of 'sta' hides previous local declaration
      C:\dev\git\fbl\game_projects\Ca2\GameState\Race\GameModes\DeathMatch.cpp(230,9):
      see declaration of 'sta'
  
C:\dev\git\fbl\game_projects\Ca2\GameState\Race\GameModes\DeathMatch.cpp(335,18): warning C4244: 'return': conversion from 'double' to 'int', possible loss of data
  Maze.cpp
C:\dev\git\fbl\game_projects\Ca2\GameState\Race\Maze.cpp(171,25): warning C4804: '>': unsafe use of type 'bool' in operation
C:\dev\git\fbl\game_projects\Ca2\GameState\Race\Maze.cpp(284,24): warning C4244: '=': conversion from 'float' to 'int', possible loss of data
C:\dev\git\fbl\game_projects\Ca2\GameState\Race\Maze.cpp(285,24): warning C4244: '=': conversion from 'float' to 'int', possible loss of data
C:\dev\git\fbl\game_projects\Ca2\GameState\Race\Maze.cpp(417,35): warning C4244: '=': conversion from 'int' to 'int16_t', possible loss of data
C:\dev\git\fbl\game_projects\Ca2\GameState\Race\Maze.cpp(429,34): warning C4244: '=': conversion from 'int' to 'int16_t', possible loss of data
C:\dev\git\fbl\game_projects\Ca2\GameState\Race\Maze.cpp(435,8): warning C4456: declaration of 'x' hides previous local declaration
      C:\dev\git\fbl\game_projects\Ca2\GameState\Race\Maze.cpp(432,7):
      see declaration of 'x'
  
C:\dev\git\fbl\game_projects\Ca2\GameState\Race\Maze.cpp(435,8): warning C4189: 'x': local variable is initialized but not referenced
C:\dev\git\fbl\game_projects\Ca2\GameState\Race\Maze.cpp(524,38): warning C4244: '=': conversion from 'int' to 'uint16_t', possible loss of data
C:\dev\git\fbl\game_projects\Ca2\GameState\Race\Maze.cpp(526,38): warning C4244: '=': conversion from 'int' to 'uint16_t', possible loss of data
C:\dev\git\fbl\game_projects\Ca2\GameState\Race\Maze.cpp(528,38): warning C4244: '=': conversion from 'int' to 'uint16_t', possible loss of data
C:\dev\git\fbl\game_projects\Ca2\GameState\Race\Maze.cpp(530,38): warning C4244: '=': conversion from 'int' to 'uint16_t', possible loss of data
C:\dev\git\fbl\game_projects\Ca2\GameState\Race\Maze.cpp(535,37): warning C4244: '=': conversion from 'int' to 'uint16_t', possible loss of data
C:\dev\git\fbl\game_projects\Ca2\GameState\Race\Maze.cpp(537,37): warning C4244: '=': conversion from 'int' to 'uint16_t', possible loss of data
C:\dev\git\fbl\game_projects\Ca2\GameState\Race\Maze.cpp(540,37): warning C4244: '=': conversion from 'int' to 'uint16_t', possible loss of data
C:\dev\git\fbl\game_projects\Ca2\GameState\Race\Maze.cpp(542,37): warning C4244: '=': conversion from 'int' to 'uint16_t', possible loss of data
C:\dev\git\fbl\game_projects\Ca2\GameState\Race\Maze.cpp(545,37): warning C4244: '=': conversion from 'int' to 'uint16_t', possible loss of data
C:\dev\git\fbl\game_projects\Ca2\GameState\Race\Maze.cpp(547,37): warning C4244: '=': conversion from 'int' to 'uint16_t', possible loss of data
C:\dev\git\fbl\game_projects\Ca2\GameState\Race\Maze.cpp(550,37): warning C4244: '=': conversion from 'int' to 'uint16_t', possible loss of data
C:\dev\git\fbl\game_projects\Ca2\GameState\Race\Maze.cpp(552,37): warning C4244: '=': conversion from 'int' to 'uint16_t', possible loss of data
C:\dev\git\fbl\game_projects\Ca2\GameState\Race\Maze.cpp(556,35): warning C4244: '=': conversion from 'int' to 'uint16_t', possible loss of data
C:\dev\git\fbl\game_projects\Ca2\GameState\Race\Maze.cpp(558,36): warning C4244: '=': conversion from 'int' to 'uint16_t', possible loss of data
C:\dev\git\fbl\game_projects\Ca2\GameState\Race\Maze.cpp(561,35): warning C4244: '=': conversion from 'int' to 'uint16_t', possible loss of data
C:\dev\git\fbl\game_projects\Ca2\GameState\Race\Maze.cpp(563,36): warning C4244: '=': conversion from 'int' to 'uint16_t', possible loss of data
C:\dev\git\fbl\game_projects\Ca2\GameState\Race\Maze.cpp(566,35): warning C4244: '=': conversion from 'int' to 'uint16_t', possible loss of data
C:\dev\git\fbl\game_projects\Ca2\GameState\Race\Maze.cpp(568,36): warning C4244: '=': conversion from 'int' to 'uint16_t', possible loss of data
C:\dev\git\fbl\game_projects\Ca2\GameState\Race\Maze.cpp(571,35): warning C4244: '=': conversion from 'int' to 'uint16_t', possible loss of data
C:\dev\git\fbl\game_projects\Ca2\GameState\Race\Maze.cpp(573,36): warning C4244: '=': conversion from 'int' to 'uint16_t', possible loss of data
C:\dev\git\fbl\game_projects\Ca2\GameState\Race\Maze.cpp(586,6): warning C4189: 'barWidth': local variable is initialized but not referenced
C:\dev\git\fbl\game_projects\Ca2\GameState\Race\Maze.cpp(585,6): warning C4189: 'barPercentage': local variable is initialized but not referenced
C:\dev\git\fbl\game_projects\Ca2\GameState\Race\Maze.cpp(584,6): warning C4189: 'barMaxWidth': local variable is initialized but not referenced
C:\dev\git\fbl\game_projects\Ca2\GameState\Race\Maze.cpp(632,23): warning C4244: '=': conversion from 'double' to 'int', possible loss of data
C:\dev\git\fbl\game_projects\Ca2\GameState\Race\Maze.cpp(636,23): warning C4244: '=': conversion from 'double' to 'int', possible loss of data
C:\dev\git\fbl\game_projects\Ca2\GameState\Race\Maze.cpp(736,24): warning C4244: '=': conversion from 'float' to 'int', possible loss of data
C:\dev\git\fbl\game_projects\Ca2\GameState\Race\Maze.cpp(737,24): warning C4244: '=': conversion from 'float' to 'int', possible loss of data
C:\dev\git\fbl\game_projects\Ca2\GameState\Race\Maze.cpp(740,19): warning C4244: '=': conversion from 'float' to 'uint16_t', possible loss of data
C:\dev\git\fbl\game_projects\Ca2\GameState\Race\Maze.cpp(741,19): warning C4244: '=': conversion from 'float' to 'uint16_t', possible loss of data
  PostRace.cpp
C:\dev\git\fbl\game_projects\Ca2\GameState\Race\PostRace.cpp(53,31): warning C4244: 'argument': conversion from 'int' to 'uint8_t', possible loss of data
C:\dev\git\fbl\game_projects\Ca2\GameState\Race\PostRace.cpp(93,30): warning C4244: '=': conversion from 'int' to 'uint16_t', possible loss of data
C:\dev\git\fbl\game_projects\Ca2\GameState\Race\PostRace.cpp(115,38): warning C4244: '=': conversion from 'int' to 'uint16_t', possible loss of data
C:\dev\git\fbl\game_projects\Ca2\GameState\Race\PostRace.cpp(177,22): warning C4389: '==': signed/unsigned mismatch
C:\dev\git\fbl\game_projects\Ca2\GameState\Race\PostRace.cpp(305,33): warning C4244: '=': conversion from 'int' to 'uint16_t', possible loss of data
C:\dev\git\fbl\game_projects\Ca2\GameState\Race\PostRace.cpp(338,33): warning C4244: '=': conversion from 'int' to 'uint16_t', possible loss of data
C:\dev\git\fbl\game_projects\Ca2\GameState\Race\PostRace.cpp(430,31): warning C4244: '=': conversion from 'int' to 'uint16_t', possible loss of data
C:\dev\git\fbl\game_projects\Ca2\GameState\Race\PostRace.cpp(433,28): warning C4244: '=': conversion from 'int' to 'uint16_t', possible loss of data
C:\dev\git\fbl\game_projects\Ca2\GameState\Race\PostRace.cpp(436,31): warning C4244: '=': conversion from 'int' to 'uint16_t', possible loss of data
C:\dev\git\fbl\game_projects\Ca2\GameState\Race\PostRace.cpp(440,31): warning C4244: '=': conversion from 'int' to 'uint16_t', possible loss of data
C:\dev\git\fbl\game_projects\Ca2\GameState\Race\PostRace.cpp(442,31): warning C4244: '=': conversion from 'int' to 'uint16_t', possible loss of data
C:\dev\git\fbl\game_projects\Ca2\GameState\Race\PostRace.cpp(445,32): warning C4244: '=': conversion from 'int' to 'uint16_t', possible loss of data
C:\dev\git\fbl\game_projects\Ca2\GameState\Race\PostRace.cpp(452,37): warning C4244: '=': conversion from 'int' to 'uint16_t', possible loss of data
C:\dev\git\fbl\game_projects\Ca2\GameState\Race\PostRace.cpp(455,34): warning C4244: '=': conversion from 'int' to 'uint16_t', possible loss of data
C:\dev\git\fbl\game_projects\Ca2\GameState\Race\PostRace.cpp(458,37): warning C4244: '=': conversion from 'int' to 'uint16_t', possible loss of data
C:\dev\git\fbl\game_projects\Ca2\GameState\Race\PostRace.cpp(462,37): warning C4244: '=': conversion from 'int' to 'uint16_t', possible loss of data
C:\dev\git\fbl\game_projects\Ca2\GameState\Race\PostRace.cpp(466,38): warning C4244: '=': conversion from 'int' to 'uint16_t', possible loss of data
C:\dev\git\fbl\game_projects\Ca2\GameState\Race\PostRace.cpp(470,34): warning C4244: '=': conversion from 'int' to 'uint16_t', possible loss of data
C:\dev\git\fbl\game_projects\Ca2\GameState\Race\PostRace.cpp(485,30): warning C4244: '=': conversion from 'int' to 'uint16_t', possible loss of data
C:\dev\git\fbl\game_projects\Ca2\GameState\Race\PostRace.cpp(488,31): warning C4244: '=': conversion from 'int' to 'uint16_t', possible loss of data
C:\dev\git\fbl\game_projects\Ca2\GameState\Race\PostRace.cpp(491,32): warning C4244: '=': conversion from 'int' to 'uint16_t', possible loss of data
C:\dev\git\fbl\game_projects\Ca2\GameState\Race\PostRace.cpp(494,33): warning C4244: '=': conversion from 'int' to 'uint16_t', possible loss of data
C:\dev\git\fbl\game_projects\Ca2\GameState\Race\PostRace.cpp(497,34): warning C4244: '=': conversion from 'int' to 'uint16_t', possible loss of data
C:\dev\git\fbl\game_projects\Ca2\GameState\Race\PostRace.cpp(500,31): warning C4244: '=': conversion from 'int' to 'uint16_t', possible loss of data
C:\dev\git\fbl\game_projects\Ca2\GameState\Race\PostRace.cpp(505,38): warning C4244: '=': conversion from 'int' to 'uint16_t', possible loss of data
C:\dev\git\fbl\game_projects\Ca2\GameState\Race\PostRace.cpp(513,33): warning C4244: '=': conversion from 'int' to 'uint16_t', possible loss of data
C:\dev\git\fbl\game_projects\Ca2\GameState\Race\PostRace.cpp(523,30): warning C4244: '=': conversion from 'int' to 'uint16_t', possible loss of data
C:\dev\git\fbl\game_projects\Ca2\GameState\Race\PostRace.cpp(560,9): warning C4456: declaration of 'spr' hides previous local declaration
      C:\dev\git\fbl\game_projects\Ca2\GameState\Race\PostRace.cpp(529,8):
      see declaration of 'spr'
  
  Race.cpp
C:\dev\git\fbl\game_projects\Ca2\GameState\Race\Race.cpp(190,33): warning C4100: 'g': unreferenced formal parameter
  RobotCollection.cpp
C:\dev\git\fbl\game_projects\Ca2\GameState\RobotCollection.cpp(227,22): warning C4389: '==': signed/unsigned mismatch
C:\dev\git\fbl\game_projects\Ca2\GameState\RobotCollection.cpp(290,62): warning C4244: '=': conversion from 'Entity' to 'int16_t', possible loss of data
C:\dev\git\fbl\game_projects\Ca2\GameState\RobotCollection.cpp(299,20): warning C4244: '=': conversion from 'const int' to 'int16_t', possible loss of data
C:\dev\git\fbl\game_projects\Ca2\GameState\RobotCollection.cpp(304,18): warning C4244: '=': conversion from 'int' to 'int16_t', possible loss of data
C:\dev\git\fbl\game_projects\Ca2\GameState\RobotCollection.cpp(319,20): warning C4244: '=': conversion from 'const int' to 'int16_t', possible loss of data
C:\dev\git\fbl\game_projects\Ca2\GameState\RobotCollection.cpp(320,23): warning C4244: '=': conversion from 'const int' to 'int16_t', possible loss of data
C:\dev\git\fbl\game_projects\Ca2\GameState\RobotCollection.cpp(368,53): warning C4244: '=': conversion from 'const int' to 'int16_t', possible loss of data
C:\dev\git\fbl\game_projects\Ca2\GameState\RobotCollection.cpp(370,20): warning C4244: '=': conversion from 'const int' to 'int16_t', possible loss of data
C:\dev\git\fbl\game_projects\Ca2\GameState\RobotCollection.cpp(416,28): warning C4244: '=': conversion from 'int' to 'uint16_t', possible loss of data
C:\dev\git\fbl\game_projects\Ca2\GameState\RobotCollection.cpp(470,32): warning C4244: '=': conversion from 'int' to 'uint16_t', possible loss of data
C:\dev\git\fbl\game_projects\Ca2\GameState\RobotCollection.cpp(475,32): warning C4244: '=': conversion from 'int' to 'uint16_t', possible loss of data
C:\dev\git\fbl\game_projects\Ca2\GameState\RobotCollection.cpp(481,37): warning C4244: '=': conversion from 'int' to 'uint16_t', possible loss of data
C:\dev\git\fbl\game_projects\Ca2\GameState\RobotCollection.cpp(489,42): warning C4244: '=': conversion from 'int' to 'uint16_t', possible loss of data
C:\dev\git\fbl\game_projects\Ca2\GameState\RobotCollection.cpp(496,31): warning C4244: '=': conversion from 'int' to 'uint16_t', possible loss of data
C:\dev\git\fbl\game_projects\Ca2\GameState\RobotCollection.cpp(502,40): warning C4244: '=': conversion from 'int' to 'uint16_t', possible loss of data
C:\dev\git\fbl\game_projects\Ca2\GameState\RobotCollection.cpp(506,36): warning C4244: '=': conversion from 'int' to 'uint16_t', possible loss of data
C:\dev\git\fbl\game_projects\Ca2\GameState\RobotCollection.cpp(511,36): warning C4244: '=': conversion from 'int' to 'uint16_t', possible loss of data
C:\dev\git\fbl\game_projects\Ca2\GameState\RobotCollection.cpp(519,35): warning C4244: '=': conversion from 'int' to 'uint16_t', possible loss of data
C:\dev\git\fbl\game_projects\Ca2\GameState\RobotCollection.cpp(522,36): warning C4244: '=': conversion from 'int' to 'uint16_t', possible loss of data
C:\dev\git\fbl\game_projects\Ca2\GameState\RobotCollection.cpp(527,29): warning C4244: '=': conversion from 'int' to 'uint16_t', possible loss of data
C:\dev\git\fbl\game_projects\Ca2\GameState\RobotCollection.cpp(534,30): warning C4244: '=': conversion from 'int' to 'uint16_t', possible loss of data
C:\dev\git\fbl\game_projects\Ca2\GameState\RobotCollection.cpp(537,27): warning C4244: '=': conversion from 'int' to 'uint16_t', possible loss of data
C:\dev\git\fbl\game_projects\Ca2\GameState\RobotCollection.cpp(540,30): warning C4244: '=': conversion from 'int' to 'uint16_t', possible loss of data
C:\dev\git\fbl\game_projects\Ca2\GameState\RobotCollection.cpp(543,29): warning C4244: '=': conversion from 'int' to 'uint16_t', possible loss of data
C:\dev\git\fbl\game_projects\Ca2\GameState\RobotCollection.cpp(546,31): warning C4244: '=': conversion from 'int' to 'uint16_t', possible loss of data
C:\dev\git\fbl\game_projects\Ca2\GameState\RobotCollection.cpp(551,34): warning C4244: '=': conversion from 'int' to 'uint16_t', possible loss of data
C:\dev\git\fbl\game_projects\Ca2\GameState\RobotCollection.cpp(554,34): warning C4244: '=': conversion from 'int' to 'uint16_t', possible loss of data
C:\dev\git\fbl\game_projects\Ca2\GameState\RobotCollection.cpp(558,34): warning C4244: '=': conversion from 'int' to 'uint16_t', possible loss of data
C:\dev\git\fbl\game_projects\Ca2\GameState\RobotCollection.cpp(561,34): warning C4244: '=': conversion from 'int' to 'uint16_t', possible loss of data
C:\dev\git\fbl\game_projects\Ca2\GameState\RobotCollection.cpp(565,34): warning C4244: '=': conversion from 'int' to 'uint16_t', possible loss of data
C:\dev\git\fbl\game_projects\Ca2\GameState\RobotCollection.cpp(568,34): warning C4244: '=': conversion from 'int' to 'uint16_t', possible loss of data
C:\dev\git\fbl\game_projects\Ca2\GameState\RobotCollection.cpp(573,32): warning C4244: '=': conversion from 'int' to 'uint16_t', possible loss of data
C:\dev\git\fbl\game_projects\Ca2\GameState\RobotCollection.cpp(576,32): warning C4244: '=': conversion from 'int' to 'uint16_t', possible loss of data
C:\dev\git\fbl\game_projects\Ca2\GameState\RobotCollection.cpp(580,32): warning C4244: '=': conversion from 'int' to 'uint16_t', possible loss of data
C:\dev\git\fbl\game_projects\Ca2\GameState\RobotCollection.cpp(583,32): warning C4244: '=': conversion from 'int' to 'uint16_t', possible loss of data
C:\dev\git\fbl\game_projects\Ca2\GameState\RobotCollection.cpp(587,32): warning C4244: '=': conversion from 'int' to 'uint16_t', possible loss of data
C:\dev\git\fbl\game_projects\Ca2\GameState\RobotCollection.cpp(590,32): warning C4244: '=': conversion from 'int' to 'uint16_t', possible loss of data
C:\dev\git\fbl\game_projects\Ca2\GameState\RobotCollection.cpp(597,40): warning C4244: '=': conversion from 'int' to 'uint16_t', possible loss of data
C:\dev\git\fbl\game_projects\Ca2\GameState\RobotCollection.cpp(614,32): warning C4244: '=': conversion from 'int' to 'uint16_t', possible loss of data
C:\dev\git\fbl\game_projects\Ca2\GameState\RobotCollection.cpp(617,31): warning C4244: '=': conversion from 'int' to 'uint16_t', possible loss of data
C:\dev\git\fbl\game_projects\Ca2\GameState\RobotCollection.cpp(622,38): warning C4244: '=': conversion from 'int' to 'uint16_t', possible loss of data
C:\dev\git\fbl\game_projects\Ca2\GameState\RobotCollection.cpp(627,38): warning C4244: '=': conversion from 'int' to 'uint16_t', possible loss of data
C:\dev\git\fbl\game_projects\Ca2\GameState\RobotCollection.cpp(630,39): warning C4244: '=': conversion from 'int' to 'uint16_t', possible loss of data
C:\dev\git\fbl\game_projects\Ca2\GameState\RobotCollection.cpp(639,38): warning C4244: '=': conversion from 'int' to 'uint16_t', possible loss of data
C:\dev\git\fbl\game_projects\Ca2\GameState\RobotCollection.cpp(647,38): warning C4244: '=': conversion from 'int' to 'uint16_t', possible loss of data
C:\dev\git\fbl\game_projects\Ca2\GameState\RobotCollection.cpp(654,38): warning C4244: '=': conversion from 'int' to 'uint16_t', possible loss of data
C:\dev\git\fbl\game_projects\Ca2\GameState\RobotCollection.cpp(659,30): warning C4244: '=': conversion from 'int' to 'uint16_t', possible loss of data
C:\dev\git\fbl\game_projects\Ca2\GameState\RobotCollection.cpp(662,31): warning C4244: '=': conversion from 'int' to 'uint16_t', possible loss of data
C:\dev\git\fbl\game_projects\Ca2\GameState\RobotCollection.cpp(665,32): warning C4244: '=': conversion from 'int' to 'uint16_t', possible loss of data
C:\dev\git\fbl\game_projects\Ca2\GameState\RobotCollection.cpp(668,33): warning C4244: '=': conversion from 'int' to 'uint16_t', possible loss of data
C:\dev\git\fbl\game_projects\Ca2\GameState\RobotCollection.cpp(671,34): warning C4244: '=': conversion from 'int' to 'uint16_t', possible loss of data
C:\dev\git\fbl\game_projects\Ca2\GameState\RobotCollection.cpp(674,31): warning C4244: '=': conversion from 'int' to 'uint16_t', possible loss of data
C:\dev\git\fbl\game_projects\Ca2\GameState\RobotCollection.cpp(680,49): warning C4244: '=': conversion from 'int' to 'uint16_t', possible loss of data
C:\dev\git\fbl\game_projects\Ca2\GameState\RobotCollection.cpp(684,36): warning C4244: '=': conversion from 'int' to 'uint16_t', possible loss of data
C:\dev\git\fbl\game_projects\Ca2\GameState\RobotCollection.cpp(688,37): warning C4244: '=': conversion from 'int' to 'uint16_t', possible loss of data
C:\dev\git\fbl\game_projects\Ca2\GameState\RobotCollection.cpp(693,35): warning C4244: '=': conversion from 'int' to 'uint16_t', possible loss of data
C:\dev\git\fbl\game_projects\Ca2\GameState\RobotCollection.cpp(696,36): warning C4244: '=': conversion from 'int' to 'uint16_t', possible loss of data
C:\dev\git\fbl\game_projects\Ca2\GameState\RobotCollection.cpp(701,30): warning C4244: '=': conversion from 'int' to 'uint16_t', possible loss of data
C:\dev\git\fbl\game_projects\Ca2\GameState\RobotCollection.cpp(878,11): warning C4267: 'initializing': conversion from 'size_t' to 'int', possible loss of data
  Settings.cpp
C:\dev\git\fbl\game_projects\Ca2\GameState\Settings.cpp(35,27): warning C4100: 'g': unreferenced formal parameter
  Title.cpp
C:\dev\git\fbl\game_projects\Ca2\GameState\Title.cpp(127,81): warning C4244: 'argument': conversion from 'float' to 'int', possible loss of data
C:\dev\git\fbl\game_projects\Ca2\GameState\Title.cpp(128,62): warning C4244: 'argument': conversion from 'float' to 'int', possible loss of data
  Location.cpp
C:\dev\git\fbl\game_projects\Ca2\Location.cpp(32,62): warning C4100: 'posY': unreferenced formal parameter
C:\dev\git\fbl\game_projects\Ca2\Location.cpp(32,47): warning C4100: 'posX': unreferenced formal parameter
C:\dev\git\fbl\game_projects\Ca2\Location.cpp(32,33): warning C4100: 'map': unreferenced formal parameter
C:\dev\git\fbl\game_projects\Ca2\Location.cpp(38,46): warning C4100: 'out': unreferenced formal parameter
C:\dev\git\fbl\game_projects\Ca2\Location.cpp(38,35): warning C4100: 'type': unreferenced formal parameter
  LuaDialogue.cpp
C:\dev\git\fbl\game_projects\Ca2\LuaDialogue.cpp(231,30): warning C4100: 'lua_env': unreferenced formal parameter
C:\dev\git\fbl\game_projects\Ca2\LuaDialogue.cpp(278,30): warning C4244: '+=': conversion from 'int' to 'uint16_t', possible loss of data
C:\dev\git\fbl\game_projects\Ca2\LuaDialogue.cpp(297,29): warning C4100: 'lua_env': unreferenced formal parameter
  Objects.cpp
  Progress.cpp
  Robots.cpp
C:\dev\git\fbl\game_projects\Ca2\Robots.cpp(225,37): warning C4305: 'initializing': truncation from 'double' to 'float'
C:\dev\git\fbl\game_projects\Ca2\Robots.cpp(230,37): warning C4305: 'initializing': truncation from 'double' to 'float'
C:\dev\git\fbl\game_projects\Ca2\Robots.cpp(235,37): warning C4305: 'initializing': truncation from 'double' to 'float'
C:\dev\git\fbl\game_projects\Ca2\Robots.cpp(413,10): warning C4244: '=': conversion from 'int' to 'float', possible loss of data
C:\dev\git\fbl\game_projects\Ca2\Robots.cpp(414,10): warning C4244: '=': conversion from 'int' to 'float', possible loss of data
C:\dev\git\fbl\game_projects\Ca2\Robots.cpp(451,10): warning C4244: '=': conversion from 'int' to 'float', possible loss of data
C:\dev\git\fbl\game_projects\Ca2\Robots.cpp(452,10): warning C4244: '=': conversion from 'int' to 'float', possible loss of data
C:\dev\git\fbl\game_projects\Ca2\Robots.cpp(634,59): warning C4244: 'argument': conversion from 'int' to 'uint8_t', possible loss of data
C:\dev\git\fbl\game_projects\Ca2\Robots.cpp(703,23): warning C4244: '+=': conversion from 'int' to 'uint8_t', possible loss of data
C:\dev\git\fbl\game_projects\Ca2\Robots.cpp(707,23): warning C4244: '+=': conversion from 'int' to 'uint8_t', possible loss of data
C:\dev\git\fbl\game_projects\Ca2\Robots.cpp(716,27): warning C4244: '+=': conversion from 'int' to 'uint8_t', possible loss of data
C:\dev\git\fbl\game_projects\Ca2\Robots.cpp(795,11): warning C4267: 'initializing': conversion from 'size_t' to 'int', possible loss of data
  SoundManager.cpp
C:\dev\git\fbl\game_projects\Ca2\SoundManager.cpp(44,27): warning C4244: '=': conversion from 'int' to 'uint16_t', possible loss of data
C:\dev\git\fbl\game_projects\Ca2\SoundManager.cpp(46,29): warning C4244: '=': conversion from 'int' to 'uint16_t', possible loss of data
C:\dev\git\fbl\game_projects\Ca2\SoundManager.cpp(48,32): warning C4244: '=': conversion from 'int' to 'uint16_t', possible loss of data
C:\dev\git\fbl\game_projects\Ca2\SoundManager.cpp(50,27): warning C4244: '=': conversion from 'int' to 'uint16_t', possible loss of data
C:\dev\git\fbl\game_projects\Ca2\SoundManager.cpp(51,29): warning C4244: '=': conversion from 'int' to 'uint16_t', possible loss of data
C:\dev\git\fbl\game_projects\Ca2\SoundManager.cpp(52,29): warning C4244: '=': conversion from 'int' to 'uint16_t', possible loss of data
C:\dev\git\fbl\game_projects\Ca2\SoundManager.cpp(53,27): warning C4244: '=': conversion from 'int' to 'uint16_t', possible loss of data
C:\dev\git\fbl\game_projects\Ca2\SoundManager.cpp(55,30): warning C4244: '=': conversion from 'int' to 'uint16_t', possible loss of data
C:\dev\git\fbl\game_projects\Ca2\SoundManager.cpp(57,31): warning C4244: '=': conversion from 'int' to 'uint16_t', possible loss of data
C:\dev\git\fbl\game_projects\Ca2\SoundManager.cpp(59,27): warning C4244: '=': conversion from 'int' to 'uint16_t', possible loss of data
C:\dev\git\fbl\game_projects\Ca2\SoundManager.cpp(61,29): warning C4244: '=': conversion from 'int' to 'uint16_t', possible loss of data
C:\dev\git\fbl\game_projects\Ca2\SoundManager.cpp(63,27): warning C4244: '=': conversion from 'int' to 'uint16_t', possible loss of data
C:\dev\git\fbl\game_projects\Ca2\SoundManager.cpp(64,27): warning C4244: '=': conversion from 'int' to 'uint16_t', possible loss of data
C:\dev\git\fbl\game_projects\Ca2\SoundManager.cpp(66,28): warning C4244: '=': conversion from 'int' to 'uint16_t', possible loss of data
C:\dev\git\fbl\game_projects\Ca2\SoundManager.cpp(68,32): warning C4244: '=': conversion from 'int' to 'uint16_t', possible loss of data
C:\dev\git\fbl\game_projects\Ca2\SoundManager.cpp(69,29): warning C4244: '=': conversion from 'int' to 'uint16_t', possible loss of data
  SysManager.cpp
  Compiling...
  UserInput.cpp
  Weather.cpp
C:\dev\git\fbl\game_projects\Ca2\Weather.cpp(191,43): warning C4305: 'argument': truncation from 'double' to 'float'
C:\dev\git\fbl\game_projects\Ca2\Weather.cpp(200,43): warning C4305: 'argument': truncation from 'double' to 'float'
C:\dev\git\fbl\game_projects\Ca2\Weather.cpp(226,104): warning C4305: 'argument': truncation from 'double' to 'float'
C:\dev\git\fbl\game_projects\Ca2\Weather.cpp(226,99): warning C4305: 'argument': truncation from 'double' to 'float'
C:\dev\git\fbl\game_projects\Ca2\Weather.cpp(229,48): warning C4305: 'argument': truncation from 'double' to 'float'
C:\dev\git\fbl\game_projects\Ca2\Weather.cpp(235,104): warning C4305: 'argument': truncation from 'double' to 'float'
C:\dev\git\fbl\game_projects\Ca2\Weather.cpp(235,99): warning C4305: 'argument': truncation from 'double' to 'float'
C:\dev\git\fbl\game_projects\Ca2\Weather.cpp(238,48): warning C4305: 'argument': truncation from 'double' to 'float'
C:\dev\git\fbl\game_projects\Ca2\Weather.cpp(244,99): warning C4305: 'argument': truncation from 'double' to 'float'
C:\dev\git\fbl\game_projects\Ca2\Weather.cpp(247,48): warning C4305: 'argument': truncation from 'double' to 'float'
  Disk.cpp
C:\dev\git\fbl\tools\ScenEdit\Disk.cpp(156,32): warning C4100: 'editor': unreferenced formal parameter
  GuiFuncs.cpp
C:\dev\git\fbl\tools\ScenEdit\GuiFuncs.cpp(37,33): warning C4100: 'y': unreferenced formal parameter
C:\dev\git\fbl\tools\ScenEdit\GuiFuncs.cpp(37,26): warning C4100: 'x': unreferenced formal parameter
C:\dev\git\fbl\tools\ScenEdit\GuiFuncs.cpp(48,34): warning C4100: 'y': unreferenced formal parameter
C:\dev\git\fbl\tools\ScenEdit\GuiFuncs.cpp(48,27): warning C4100: 'x': unreferenced formal parameter
C:\dev\git\fbl\tools\ScenEdit\GuiFuncs.cpp(59,31): warning C4100: 'y': unreferenced formal parameter
C:\dev\git\fbl\tools\ScenEdit\GuiFuncs.cpp(59,24): warning C4100: 'x': unreferenced formal parameter
C:\dev\git\fbl\tools\ScenEdit\GuiFuncs.cpp(70,33): warning C4100: 'y': unreferenced formal parameter
C:\dev\git\fbl\tools\ScenEdit\GuiFuncs.cpp(70,26): warning C4100: 'x': unreferenced formal parameter
C:\dev\git\fbl\tools\ScenEdit\GuiFuncs.cpp(83,24): warning C4100: 'y': unreferenced formal parameter
C:\dev\git\fbl\tools\ScenEdit\GuiFuncs.cpp(83,17): warning C4100: 'x': unreferenced formal parameter
C:\dev\git\fbl\tools\ScenEdit\GuiFuncs.cpp(114,21): warning C4267: 'initializing': conversion from 'size_t' to 'uint32_t', possible loss of data
C:\dev\git\fbl\tools\ScenEdit\GuiFuncs.cpp(108,24): warning C4100: 'y': unreferenced formal parameter
C:\dev\git\fbl\tools\ScenEdit\GuiFuncs.cpp(108,17): warning C4100: 'x': unreferenced formal parameter
C:\dev\git\fbl\tools\ScenEdit\GuiFuncs.cpp(136,21): warning C4267: 'initializing': conversion from 'size_t' to 'uint32_t', possible loss of data
C:\dev\git\fbl\tools\ScenEdit\GuiFuncs.cpp(130,24): warning C4100: 'y': unreferenced formal parameter
C:\dev\git\fbl\tools\ScenEdit\GuiFuncs.cpp(130,17): warning C4100: 'x': unreferenced formal parameter
C:\dev\git\fbl\tools\ScenEdit\GuiFuncs.cpp(153,25): warning C4100: 'y': unreferenced formal parameter
C:\dev\git\fbl\tools\ScenEdit\GuiFuncs.cpp(153,18): warning C4100: 'x': unreferenced formal parameter
C:\dev\git\fbl\tools\ScenEdit\GuiFuncs.cpp(171,25): warning C4100: 'y': unreferenced formal parameter
C:\dev\git\fbl\tools\ScenEdit\GuiFuncs.cpp(171,18): warning C4100: 'x': unreferenced formal parameter
C:\dev\git\fbl\tools\ScenEdit\GuiFuncs.cpp(192,24): warning C4100: 'y': unreferenced formal parameter
C:\dev\git\fbl\tools\ScenEdit\GuiFuncs.cpp(192,17): warning C4100: 'x': unreferenced formal parameter
C:\dev\git\fbl\tools\ScenEdit\GuiFuncs.cpp(210,24): warning C4100: 'y': unreferenced formal parameter
C:\dev\git\fbl\tools\ScenEdit\GuiFuncs.cpp(210,17): warning C4100: 'x': unreferenced formal parameter
C:\dev\git\fbl\tools\ScenEdit\GuiFuncs.cpp(231,32): warning C4100: 'y': unreferenced formal parameter
C:\dev\git\fbl\tools\ScenEdit\GuiFuncs.cpp(231,25): warning C4100: 'x': unreferenced formal parameter
C:\dev\git\fbl\tools\ScenEdit\GuiFuncs.cpp(253,30): warning C4100: 'y': unreferenced formal parameter
C:\dev\git\fbl\tools\ScenEdit\GuiFuncs.cpp(253,23): warning C4100: 'x': unreferenced formal parameter
C:\dev\git\fbl\tools\ScenEdit\GuiFuncs.cpp(270,30): warning C4100: 'y': unreferenced formal parameter
C:\dev\git\fbl\tools\ScenEdit\GuiFuncs.cpp(270,23): warning C4100: 'x': unreferenced formal parameter
C:\dev\git\fbl\tools\ScenEdit\GuiFuncs.cpp(291,29): warning C4100: 'y': unreferenced formal parameter
C:\dev\git\fbl\tools\ScenEdit\GuiFuncs.cpp(291,22): warning C4100: 'x': unreferenced formal parameter
C:\dev\git\fbl\tools\ScenEdit\GuiFuncs.cpp(308,29): warning C4100: 'y': unreferenced formal parameter
C:\dev\git\fbl\tools\ScenEdit\GuiFuncs.cpp(308,22): warning C4100: 'x': unreferenced formal parameter
C:\dev\git\fbl\tools\ScenEdit\GuiFuncs.cpp(329,24): warning C4100: 'y': unreferenced formal parameter
C:\dev\git\fbl\tools\ScenEdit\GuiFuncs.cpp(329,17): warning C4100: 'x': unreferenced formal parameter
C:\dev\git\fbl\tools\ScenEdit\GuiFuncs.cpp(342,24): warning C4100: 'y': unreferenced formal parameter
C:\dev\git\fbl\tools\ScenEdit\GuiFuncs.cpp(342,17): warning C4100: 'x': unreferenced formal parameter
C:\dev\git\fbl\tools\ScenEdit\GuiFuncs.cpp(355,29): warning C4100: 'y': unreferenced formal parameter
C:\dev\git\fbl\tools\ScenEdit\GuiFuncs.cpp(355,22): warning C4100: 'x': unreferenced formal parameter
C:\dev\git\fbl\tools\ScenEdit\GuiFuncs.cpp(368,31): warning C4100: 'y': unreferenced formal parameter
C:\dev\git\fbl\tools\ScenEdit\GuiFuncs.cpp(368,24): warning C4100: 'x': unreferenced formal parameter
C:\dev\git\fbl\tools\ScenEdit\GuiFuncs.cpp(382,30): warning C4100: 'y': unreferenced formal parameter
C:\dev\git\fbl\tools\ScenEdit\GuiFuncs.cpp(382,23): warning C4100: 'x': unreferenced formal parameter
  ScenEdit.cpp
  a_star.c
C:\dev\git\fbl\src\a_star\a_star.c(103,22): warning C4244: '=': conversion from 'int' to 'char', possible loss of data
C:\dev\git\fbl\src\a_star\a_star.c(730,41): warning C4459: declaration of 'path_location' hides global declaration
      C:\dev\git\fbl\src\a_star\a_star.c(33,6):
      see declaration of 'path_location'
  
C:\dev\git\fbl\src\a_star\a_star.c(759,41): warning C4459: declaration of 'path_location' hides global declaration
      C:\dev\git\fbl\src\a_star\a_star.c(33,6):
      see declaration of 'path_location'
  
  dllist.c
  fbl.c
C:\dev\git\fbl\src\fbl.c(40,27): warning C4100: 'argv': unreferenced formal parameter
C:\dev\git\fbl\src\fbl.c(40,14): warning C4100: 'argc': unreferenced formal parameter
C:\dev\git\fbl\src\fbl.c(427,22): warning C4244: '=': conversion from 'int' to 'Uint8', possible loss of data
C:\dev\git\fbl\src\fbl.c(428,22): warning C4244: '=': conversion from 'int' to 'Uint8', possible loss of data
C:\dev\git\fbl\src\fbl.c(429,22): warning C4244: '=': conversion from 'int' to 'Uint8', possible loss of data
C:\dev\git\fbl\src\fbl.c(430,22): warning C4244: '=': conversion from 'int' to 'Uint8', possible loss of data
  input.c
  lua.c
C:\dev\git\fbl\src\lua.c(952,32): warning C4100: 'lua_env': unreferenced formal parameter
C:\dev\git\fbl\src\lua.c(993,36): warning C4100: 'lua_env': unreferenced formal parameter
C:\dev\git\fbl\src\lua.c(1047,6): warning C4189: 'id': local variable is initialized but not referenced
C:\dev\git\fbl\src\lua.c(1065,32): warning C4244: 'function': conversion from 'int' to 'uint8_t', possible loss of data
C:\dev\git\fbl\src\lua.c(1065,35): warning C4244: 'function': conversion from 'int' to 'uint8_t', possible loss of data
C:\dev\git\fbl\src\lua.c(1065,38): warning C4244: 'function': conversion from 'int' to 'uint8_t', possible loss of data
C:\dev\git\fbl\src\lua.c(1112,27): warning C4244: 'function': conversion from 'int' to 'uint8_t', possible loss of data
C:\dev\git\fbl\src\lua.c(1137,27): warning C4244: 'function': conversion from 'int' to 'uint8_t', possible loss of data
C:\dev\git\fbl\src\lua.c(1137,30): warning C4244: 'function': conversion from 'int' to 'uint8_t', possible loss of data
C:\dev\git\fbl\src\lua.c(1137,33): warning C4244: 'function': conversion from 'int' to 'uint8_t', possible loss of data
C:\dev\git\fbl\src\lua.c(1387,40): warning C4100: 'lua_env': unreferenced formal parameter
C:\dev\git\fbl\src\lua.c(1410,54): warning C4244: 'function': conversion from 'int' to 'uint8_t', possible loss of data
C:\dev\git\fbl\src\lua.c(1597,38): warning C4100: 'lua_env': unreferenced formal parameter
C:\dev\git\fbl\src\lua.c(1620,37): warning C4100: 'lua_env': unreferenced formal parameter
C:\dev\git\fbl\src\lua.c(1737,25): warning C4244: 'function': conversion from 'int' to 'uint8_t', possible loss of data
C:\dev\git\fbl\src\lua.c(1787,45): warning C4100: 'lua_env': unreferenced formal parameter
C:\dev\git\fbl\src\lua.c(1809,39): warning C4100: 'lua_env': unreferenced formal parameter
C:\dev\git\fbl\src\lua.c(1827,57): warning C4244: 'function': conversion from 'int' to 'uint8_t', possible loss of data
C:\dev\git\fbl\src\lua.c(1887,28): warning C4244: 'function': conversion from 'int' to 'uint8_t', possible loss of data
C:\dev\git\fbl\src\lua.c(1887,31): warning C4244: 'function': conversion from 'int' to 'uint8_t', possible loss of data
C:\dev\git\fbl\src\lua.c(1887,34): warning C4244: 'function': conversion from 'int' to 'uint8_t', possible loss of data
C:\dev\git\fbl\src\lua.c(1972,41): warning C4100: 'lua_env': unreferenced formal parameter
C:\dev\git\fbl\src\lua.c(2052,39): warning C4100: 'lua_env': unreferenced formal parameter
C:\dev\git\fbl\src\lua.c(2072,34): warning C4100: 'lua_env': unreferenced formal parameter
C:\dev\git\fbl\src\lua.c(2093,32): warning C4100: 'lua_env': unreferenced formal parameter
C:\dev\git\fbl\src\lua.c(2102,33): warning C4100: 'lua_env': unreferenced formal parameter
C:\dev\git\fbl\src\lua.c(2111,31): warning C4100: 'lua_env': unreferenced formal parameter
C:\dev\git\fbl\src\lua.c(2204,31): warning C4100: 'lua_env': unreferenced formal parameter
C:\dev\git\fbl\src\lua.c(2213,35): warning C4100: 'lua_env': unreferenced formal parameter
C:\dev\git\fbl\src\lua.c(2407,30): warning C4100: 'lua_env': unreferenced formal parameter
C:\dev\git\fbl\src\lua.c(2416,34): warning C4100: 'lua_env': unreferenced formal parameter
C:\dev\git\fbl\src\lua.c(2513,28): warning C4244: 'function': conversion from 'int' to 'uint8_t', possible loss of data
C:\dev\git\fbl\src\lua.c(2513,31): warning C4244: 'function': conversion from 'int' to 'uint8_t', possible loss of data
C:\dev\git\fbl\src\lua.c(2513,34): warning C4244: 'function': conversion from 'int' to 'uint8_t', possible loss of data
C:\dev\git\fbl\src\lua.c(2513,37): warning C4244: 'function': conversion from 'int' to 'uint8_t', possible loss of data
C:\dev\git\fbl\src\lua.c(2587,41): warning C4100: 'lua_env': unreferenced formal parameter
C:\dev\git\fbl\src\lua.c(2608,39): warning C4100: 'lua_env': unreferenced formal parameter
  network.c
  particles.c
C:\dev\git\fbl\src\particles.c(303,20): warning C4244: '=': conversion from 'int' to 'Uint8', possible loss of data
C:\dev\git\fbl\src\particles.c(343,19): warning C4244: '=': conversion from 'int' to 'Uint8', possible loss of data
C:\dev\git\fbl\src\particles.c(347,24): warning C4244: '=': conversion from 'int' to 'Uint8', possible loss of data
C:\dev\git\fbl\src\particles.c(470,38): warning C4244: '=': conversion from 'double' to 'uint8_t', possible loss of data
C:\dev\git\fbl\src\particles.c(477,38): warning C4244: '=': conversion from 'double' to 'uint8_t', possible loss of data
C:\dev\git\fbl\src\particles.c(481,30): warning C4244: '=': conversion from 'int' to 'float', possible loss of data
C:\dev\git\fbl\src\particles.c(495,42): warning C4244: '=': conversion from 'int' to 'Uint16', possible loss of data
C:\dev\git\fbl\src\particles.c(430,46): warning C4100: 'dummy': unreferenced formal parameter
C:\dev\git\fbl\src\particles.c(430,23): warning C4100: 'tag': unreferenced formal parameter
C:\dev\git\fbl\src\particles.c(597,36): warning C4244: '=': conversion from 'float' to 'uint8_t', possible loss of data
C:\dev\git\fbl\src\particles.c(514,54): warning C4100: 'dummy': unreferenced formal parameter
C:\dev\git\fbl\src\particles.c(514,31): warning C4100: 'tag': unreferenced formal parameter
C:\dev\git\fbl\src\particles.c(639,50): warning C4100: 'dummy': unreferenced formal parameter
C:\dev\git\fbl\src\particles.c(639,27): warning C4100: 'tag': unreferenced formal parameter
C:\dev\git\fbl\src\particles.c(731,53): warning C4100: 'dummy': unreferenced formal parameter
C:\dev\git\fbl\src\particles.c(731,27): warning C4100: 'tag': unreferenced formal parameter
  pathfind.c
  physics.c
  primitives.c
C:\dev\git\fbl\src\primitives.c(212,19): warning C4244: '=': conversion from 'int' to 'Uint8', possible loss of data
C:\dev\git\fbl\src\primitives.c(213,19): warning C4244: '=': conversion from 'int' to 'Uint8', possible loss of data
C:\dev\git\fbl\src\primitives.c(214,19): warning C4244: '=': conversion from 'int' to 'Uint8', possible loss of data
C:\dev\git\fbl\src\primitives.c(215,19): warning C4244: '=': conversion from 'int' to 'Uint8', possible loss of data
C:\dev\git\fbl\src\primitives.c(612,50): warning C4100: 'dummy': unreferenced formal parameter
C:\dev\git\fbl\src\primitives.c(612,27): warning C4100: 'tag': unreferenced formal parameter
C:\dev\git\fbl\src\primitives.c(666,52): warning C4100: 'dummy': unreferenced formal parameter
C:\dev\git\fbl\src\primitives.c(666,29): warning C4100: 'tag': unreferenced formal parameter
C:\dev\git\fbl\src\primitives.c(754,44): warning C4100: 'dummy': unreferenced formal parameter
C:\dev\git\fbl\src\primitives.c(754,21): warning C4100: 'tag': unreferenced formal parameter
  sound.c
C:\dev\git\fbl\src\sound.c(286,54): warning C4100: 'dummy': unreferenced formal parameter
C:\dev\git\fbl\src\sound.c(286,30): warning C4100: 'tag': unreferenced formal parameter
  sprite.c
C:\dev\git\fbl\src\sprite.c(376,23): warning C4244: '=': conversion from 'int' to 'Uint8', possible loss of data
C:\dev\git\fbl\src\sprite.c(498,19): warning C4244: '=': conversion from 'int' to 'Uint8', possible loss of data
C:\dev\git\fbl\src\sprite.c(760,30): warning C4244: '=': conversion from 'int' to 'Uint8', possible loss of data
C:\dev\git\fbl\src\sprite.c(762,29): warning C4244: '=': conversion from 'int' to 'Uint8', possible loss of data
C:\dev\git\fbl\src\sprite.c(1034,51): warning C4100: 'dummy': unreferenced formal parameter
C:\dev\git\fbl\src\sprite.c(1034,28): warning C4100: 'tag': unreferenced formal parameter
C:\dev\git\fbl\src\sprite.c(1068,54): warning C4100: 'dummy': unreferenced formal parameter
C:\dev\git\fbl\src\sprite.c(1068,29): warning C4100: 'tag': unreferenced formal parameter
C:\dev\git\fbl\src\sprite.c(1123,56): warning C4100: 'dummy': unreferenced formal parameter
C:\dev\git\fbl\src\sprite.c(1123,31): warning C4100: 'tag': unreferenced formal parameter
C:\dev\git\fbl\src\sprite.c(1168,49): warning C4100: 'dummy': unreferenced formal parameter
C:\dev\git\fbl\src\sprite.c(1168,24): warning C4100: 'tag': unreferenced formal parameter
C:\dev\git\fbl\src\sprite.c(1224,48): warning C4100: 'dummy': unreferenced formal parameter
C:\dev\git\fbl\src\sprite.c(1224,23): warning C4100: 'tag': unreferenced formal parameter
  text.c
C:\dev\git\fbl\src\text.c(114,19): warning C4244: 'initializing': conversion from 'int' to 'Uint8', possible loss of data
C:\dev\git\fbl\src\text.c(114,22): warning C4244: 'initializing': conversion from 'int' to 'Uint8', possible loss of data
C:\dev\git\fbl\src\text.c(114,25): warning C4244: 'initializing': conversion from 'int' to 'Uint8', possible loss of data
C:\dev\git\fbl\src\text.c(114,28): warning C4244: 'initializing': conversion from 'int' to 'Uint8', possible loss of data
C:\dev\git\fbl\src\text.c(200,20): warning C4244: 'initializing': conversion from 'int' to 'Uint8', possible loss of data
C:\dev\git\fbl\src\text.c(200,23): warning C4244: 'initializing': conversion from 'int' to 'Uint8', possible loss of data
C:\dev\git\fbl\src\text.c(200,26): warning C4244: 'initializing': conversion from 'int' to 'Uint8', possible loss of data
C:\dev\git\fbl\src\text.c(200,29): warning C4244: 'initializing': conversion from 'int' to 'Uint8', possible loss of data
C:\dev\git\fbl\src\text.c(494,62): warning C4100: 'dummy': unreferenced formal parameter
C:\dev\git\fbl\src\text.c(494,35): warning C4100: 'tag': unreferenced formal parameter
C:\dev\git\fbl\src\text.c(532,55): warning C4100: 'dummy': unreferenced formal parameter
C:\dev\git\fbl\src\text.c(532,28): warning C4100: 'tag': unreferenced formal parameter
  thread.c
C:\dev\git\fbl\src\thread.c(53,31): warning C4100: 'args': unreferenced formal parameter
  ui.c
C:\dev\git\fbl\src\ui.c(465,50): warning C4100: 'dummy': unreferenced formal parameter
C:\dev\git\fbl\src\ui.c(465,24): warning C4100: 'tag': unreferenced formal parameter
C:\dev\git\fbl\src\ui.c(523,51): warning C4100: 'dummy': unreferenced formal parameter
C:\dev\git\fbl\src\ui.c(523,25): warning C4100: 'tag': unreferenced formal parameter
     Creating library C:\dev\git\fbl\project_vs2022\x64\Release\Ca2.lib and object C:\dev\git\fbl\project_vs2022\x64\Release\Ca2.exp
  Generating code
  Previous IPDB not found, fall back to full compilation.
C:\dev\git\fbl\src\a_star\a_star.c(774): warning C4701: potentially uninitialized local variable 'y' used
C:\dev\git\fbl\src\a_star\a_star.c(748): warning C4701: potentially uninitialized local variable 'x' used
C:\dev\git\fbl\game_projects\Ca2\GameState\Race\GameModes\CaptureFlags.cpp(174): warning C4701: potentially uninitialized local variable 'nearestFlagId' used
C:\dev\git\fbl\game_projects\Ca2\Robots.cpp(410): warning C4701: potentially uninitialized local variable 'e' used
C:\dev\git\fbl\game_projects\Ca2\Robots.cpp(451): warning C4701: potentially uninitialized local variable 'x' used
C:\dev\git\fbl\game_projects\Ca2\Robots.cpp(452): warning C4701: potentially uninitialized local variable 'y' used
C:\dev\git\fbl\game_projects\Ca2\GameState\Maintenance.cpp(929): warning C4701: potentially uninitialized local variable 'key' used
  All 4806 functions were compiled because no usable IPDB/IOBJ from previous compilation was found.
  Finished generating code
chipmunk.lib(cpSpaceQuery.obj) : warning LNK4099: PDB '' was not found with 'chipmunk.lib(cpSpaceQuery.obj)' or at ''; linking object as if no debug info
chipmunk.lib(cpSpace.obj) : warning LNK4099: PDB '' was not found with 'chipmunk.lib(cpSpace.obj)' or at ''; linking object as if no debug info
chipmunk.lib(cpBody.obj) : warning LNK4099: PDB '' was not found with 'chipmunk.lib(cpBody.obj)' or at ''; linking object as if no debug info
chipmunk.lib(cpSpaceStep.obj) : warning LNK4099: PDB '' was not found with 'chipmunk.lib(cpSpaceStep.obj)' or at ''; linking object as if no debug info
chipmunk.lib(cpShape.obj) : warning LNK4099: PDB '' was not found with 'chipmunk.lib(cpShape.obj)' or at ''; linking object as if no debug info
chipmunk.lib(chipmunk.obj) : warning LNK4099: PDB '' was not found with 'chipmunk.lib(chipmunk.obj)' or at ''; linking object as if no debug info
chipmunk.lib(cpPolyShape.obj) : warning LNK4099: PDB '' was not found with 'chipmunk.lib(cpPolyShape.obj)' or at ''; linking object as if no debug info
chipmunk.lib(cpHashSet.obj) : warning LNK4099: PDB '' was not found with 'chipmunk.lib(cpHashSet.obj)' or at ''; linking object as if no debug info
chipmunk.lib(cpArbiter.obj) : warning LNK4099: PDB '' was not found with 'chipmunk.lib(cpArbiter.obj)' or at ''; linking object as if no debug info
chipmunk.lib(cpArray.obj) : warning LNK4099: PDB '' was not found with 'chipmunk.lib(cpArray.obj)' or at ''; linking object as if no debug info
chipmunk.lib(cpBBTree.obj) : warning LNK4099: PDB '' was not found with 'chipmunk.lib(cpBBTree.obj)' or at ''; linking object as if no debug info
chipmunk.lib(cpSpaceComponent.obj) : warning LNK4099: PDB '' was not found with 'chipmunk.lib(cpSpaceComponent.obj)' or at ''; linking object as if no debug info
chipmunk.lib(cpSpaceHash.obj) : warning LNK4099: PDB '' was not found with 'chipmunk.lib(cpSpaceHash.obj)' or at ''; linking object as if no debug info
chipmunk.lib(cpSpatialIndex.obj) : warning LNK4099: PDB '' was not found with 'chipmunk.lib(cpSpatialIndex.obj)' or at ''; linking object as if no debug info
chipmunk.lib(cpCollision.obj) : warning LNK4099: PDB '' was not found with 'chipmunk.lib(cpCollision.obj)' or at ''; linking object as if no debug info
chipmunk.lib(cpRobust.obj) : warning LNK4099: PDB '' was not found with 'chipmunk.lib(cpRobust.obj)' or at ''; linking object as if no debug info
  Ca2.vcxproj -> C:\dev\git\fbl\project_vs2022\x64\Release\Ca2.exe
