c:\dev\git\fbl\project_vs2019\ca2\x64\release\vc143.pdb
c:\dev\git\fbl\project_vs2019\ca2\x64\release\efx.obj
c:\dev\git\fbl\project_vs2019\ca2\x64\release\spritesystem.obj
c:\dev\git\fbl\project_vs2019\ca2\x64\release\turbosystem.obj
c:\dev\git\fbl\project_vs2019\ca2\x64\release\shieldsystem.obj
c:\dev\git\fbl\project_vs2019\ca2\x64\release\robotctrlsystem.obj
c:\dev\git\fbl\project_vs2019\ca2\x64\release\pathlogicsystem.obj
c:\dev\git\fbl\project_vs2019\ca2\x64\release\magnetsystem.obj
c:\dev\git\fbl\project_vs2019\ca2\x64\release\lasersystem.obj
c:\dev\git\fbl\project_vs2019\ca2\x64\release\healsystem.obj
c:\dev\git\fbl\project_vs2019\ca2\x64\release\diagsystem.obj
c:\dev\git\fbl\project_vs2019\ca2\x64\release\basicaisystem.obj
c:\dev\git\fbl\project_vs2019\ca2\x64\release\autoaimsystem.obj
c:\dev\git\fbl\project_vs2019\ca2\x64\release\pathsystem.obj
c:\dev\git\fbl\project_vs2019\ca2\x64\release\mousectrlsystem.obj
c:\dev\git\fbl\project_vs2019\ca2\x64\release\lightsystem.obj
c:\dev\git\fbl\project_vs2019\ca2\x64\release\dialoguetrigsystem.obj
c:\dev\git\fbl\project_vs2019\ca2\x64\release\camerasystem.obj
c:\dev\git\fbl\project_vs2019\ca2\x64\release\chars.obj
c:\dev\git\fbl\project_vs2019\ca2\x64\release\ca2.obj
c:\dev\git\fbl\project_vs2019\ca2\x64\release\addons.obj
c:\dev\git\fbl\project_vs2019\ca2\x64\release\sysmanager.obj
c:\dev\git\fbl\project_vs2019\ca2\x64\release\soundmanager.obj
c:\dev\git\fbl\project_vs2019\ca2\x64\release\robots.obj
c:\dev\git\fbl\project_vs2019\ca2\x64\release\progress.obj
c:\dev\git\fbl\project_vs2019\ca2\x64\release\objects.obj
c:\dev\git\fbl\project_vs2019\ca2\x64\release\luadialogue.obj
c:\dev\git\fbl\project_vs2019\ca2\x64\release\location.obj
c:\dev\git\fbl\project_vs2019\ca2\x64\release\title.obj
c:\dev\git\fbl\project_vs2019\ca2\x64\release\settings.obj
c:\dev\git\fbl\project_vs2019\ca2\x64\release\robotcollection.obj
c:\dev\git\fbl\project_vs2019\ca2\x64\release\race.obj
c:\dev\git\fbl\project_vs2019\ca2\x64\release\postrace.obj
c:\dev\git\fbl\project_vs2019\ca2\x64\release\maze.obj
c:\dev\git\fbl\project_vs2019\ca2\x64\release\deathmatch.obj
c:\dev\git\fbl\project_vs2019\ca2\x64\release\captureflags.obj
c:\dev\git\fbl\project_vs2019\ca2\x64\release\maintenance.obj
c:\dev\git\fbl\project_vs2019\ca2\x64\release\gamestate.obj
c:\dev\git\fbl\project_vs2019\ca2\x64\release\explore.obj
c:\dev\git\fbl\project_vs2019\ca2\x64\release\dialogue.obj
c:\dev\git\fbl\project_vs2019\ca2\x64\release\game.obj
c:\dev\git\fbl\project_vs2019\ca2\x64\release\scenedit.obj
c:\dev\git\fbl\project_vs2019\ca2\x64\release\guifuncs.obj
c:\dev\git\fbl\project_vs2019\ca2\x64\release\disk.obj
c:\dev\git\fbl\project_vs2019\ca2\x64\release\weather.obj
c:\dev\git\fbl\project_vs2019\ca2\x64\release\userinput.obj
c:\dev\git\fbl\project_vs2019\ca2\x64\release\ui.obj
c:\dev\git\fbl\project_vs2019\ca2\x64\release\thread.obj
c:\dev\git\fbl\project_vs2019\ca2\x64\release\text.obj
c:\dev\git\fbl\project_vs2019\ca2\x64\release\sprite.obj
c:\dev\git\fbl\project_vs2019\ca2\x64\release\sound.obj
c:\dev\git\fbl\project_vs2019\ca2\x64\release\primitives.obj
c:\dev\git\fbl\project_vs2019\ca2\x64\release\physics.obj
c:\dev\git\fbl\project_vs2019\ca2\x64\release\pathfind.obj
c:\dev\git\fbl\project_vs2019\ca2\x64\release\particles.obj
c:\dev\git\fbl\project_vs2019\ca2\x64\release\network.obj
c:\dev\git\fbl\project_vs2019\ca2\x64\release\lua.obj
c:\dev\git\fbl\project_vs2019\ca2\x64\release\input.obj
c:\dev\git\fbl\project_vs2019\ca2\x64\release\fbl.obj
c:\dev\git\fbl\project_vs2019\ca2\x64\release\dllist.obj
c:\dev\git\fbl\project_vs2019\ca2\x64\release\a_star.obj
c:\dev\git\fbl\project_vs2019\x64\release\ca2.exe
c:\dev\git\fbl\project_vs2019\x64\release\ca2.pdb
c:\dev\git\fbl\project_vs2019\x64\release\ca2.lib
c:\dev\git\fbl\project_vs2019\x64\release\ca2.exp
c:\dev\git\fbl\project_vs2019\ca2\x64\release\ca2.ipdb
c:\dev\git\fbl\project_vs2019\ca2\x64\release\ca2.iobj
c:\dev\git\fbl\project_vs2022\ca2\x64\release\addons.obj
c:\dev\git\fbl\project_vs2022\ca2\x64\release\autoaimsystem.obj
c:\dev\git\fbl\project_vs2022\ca2\x64\release\a_star.obj
c:\dev\git\fbl\project_vs2022\ca2\x64\release\basicaisystem.obj
c:\dev\git\fbl\project_vs2022\ca2\x64\release\ca2.obj
c:\dev\git\fbl\project_vs2022\ca2\x64\release\camerasystem.obj
c:\dev\git\fbl\project_vs2022\ca2\x64\release\captureflags.obj
c:\dev\git\fbl\project_vs2022\ca2\x64\release\chars.obj
c:\dev\git\fbl\project_vs2022\ca2\x64\release\deathmatch.obj
c:\dev\git\fbl\project_vs2022\ca2\x64\release\diagsystem.obj
c:\dev\git\fbl\project_vs2022\ca2\x64\release\dialogue.obj
c:\dev\git\fbl\project_vs2022\ca2\x64\release\dialoguetrigsystem.obj
c:\dev\git\fbl\project_vs2022\ca2\x64\release\disk.obj
c:\dev\git\fbl\project_vs2022\ca2\x64\release\dllist.obj
c:\dev\git\fbl\project_vs2022\ca2\x64\release\efx.obj
c:\dev\git\fbl\project_vs2022\ca2\x64\release\explore.obj
c:\dev\git\fbl\project_vs2022\ca2\x64\release\fbl.obj
c:\dev\git\fbl\project_vs2022\ca2\x64\release\game.obj
c:\dev\git\fbl\project_vs2022\ca2\x64\release\gamestate.obj
c:\dev\git\fbl\project_vs2022\ca2\x64\release\guifuncs.obj
c:\dev\git\fbl\project_vs2022\ca2\x64\release\healsystem.obj
c:\dev\git\fbl\project_vs2022\ca2\x64\release\input.obj
c:\dev\git\fbl\project_vs2022\ca2\x64\release\lasersystem.obj
c:\dev\git\fbl\project_vs2022\ca2\x64\release\lightsystem.obj
c:\dev\git\fbl\project_vs2022\ca2\x64\release\location.obj
c:\dev\git\fbl\project_vs2022\ca2\x64\release\lua.obj
c:\dev\git\fbl\project_vs2022\ca2\x64\release\luadialogue.obj
c:\dev\git\fbl\project_vs2022\ca2\x64\release\magnetsystem.obj
c:\dev\git\fbl\project_vs2022\ca2\x64\release\maintenance.obj
c:\dev\git\fbl\project_vs2022\ca2\x64\release\maze.obj
c:\dev\git\fbl\project_vs2022\ca2\x64\release\mousectrlsystem.obj
c:\dev\git\fbl\project_vs2022\ca2\x64\release\network.obj
c:\dev\git\fbl\project_vs2022\ca2\x64\release\objects.obj
c:\dev\git\fbl\project_vs2022\ca2\x64\release\particles.obj
c:\dev\git\fbl\project_vs2022\ca2\x64\release\pathfind.obj
c:\dev\git\fbl\project_vs2022\ca2\x64\release\pathlogicsystem.obj
c:\dev\git\fbl\project_vs2022\ca2\x64\release\pathsystem.obj
c:\dev\git\fbl\project_vs2022\ca2\x64\release\physics.obj
c:\dev\git\fbl\project_vs2022\ca2\x64\release\postrace.obj
c:\dev\git\fbl\project_vs2022\ca2\x64\release\primitives.obj
c:\dev\git\fbl\project_vs2022\ca2\x64\release\progress.obj
c:\dev\git\fbl\project_vs2022\ca2\x64\release\race.obj
c:\dev\git\fbl\project_vs2022\ca2\x64\release\robotcollection.obj
c:\dev\git\fbl\project_vs2022\ca2\x64\release\robotctrlsystem.obj
c:\dev\git\fbl\project_vs2022\ca2\x64\release\robots.obj
c:\dev\git\fbl\project_vs2022\ca2\x64\release\scenedit.obj
c:\dev\git\fbl\project_vs2022\ca2\x64\release\settings.obj
c:\dev\git\fbl\project_vs2022\ca2\x64\release\shieldsystem.obj
c:\dev\git\fbl\project_vs2022\ca2\x64\release\sound.obj
c:\dev\git\fbl\project_vs2022\ca2\x64\release\soundmanager.obj
c:\dev\git\fbl\project_vs2022\ca2\x64\release\sprite.obj
c:\dev\git\fbl\project_vs2022\ca2\x64\release\spritesystem.obj
c:\dev\git\fbl\project_vs2022\ca2\x64\release\sysmanager.obj
c:\dev\git\fbl\project_vs2022\ca2\x64\release\text.obj
c:\dev\git\fbl\project_vs2022\ca2\x64\release\thread.obj
c:\dev\git\fbl\project_vs2022\ca2\x64\release\title.obj
c:\dev\git\fbl\project_vs2022\ca2\x64\release\turbosystem.obj
c:\dev\git\fbl\project_vs2022\ca2\x64\release\ui.obj
c:\dev\git\fbl\project_vs2022\ca2\x64\release\userinput.obj
c:\dev\git\fbl\project_vs2022\ca2\x64\release\weather.obj
c:\dev\git\fbl\project_vs2022\ca2\x64\release\ca2.ipdb
c:\dev\git\fbl\project_vs2022\ca2\x64\release\ca2.iobj
c:\dev\git\fbl\project_vs2022\ca2\x64\release\vc143.pdb
c:\dev\git\fbl\project_vs2022\x64\release\ca2.pdb
c:\dev\git\fbl\project_vs2022\x64\release\ca2.exe
c:\dev\git\fbl\project_vs2022\ca2\x64\release\ca2.tlog\cl.command.1.tlog
c:\dev\git\fbl\project_vs2022\ca2\x64\release\ca2.tlog\cl.items.tlog
c:\dev\git\fbl\project_vs2022\ca2\x64\release\ca2.tlog\cl.read.1.tlog
c:\dev\git\fbl\project_vs2022\ca2\x64\release\ca2.tlog\cl.write.1.tlog
c:\dev\git\fbl\project_vs2022\ca2\x64\release\ca2.tlog\link.command.1.tlog
c:\dev\git\fbl\project_vs2022\ca2\x64\release\ca2.tlog\link.read.1.tlog
c:\dev\git\fbl\project_vs2022\ca2\x64\release\ca2.tlog\link.secondary.1.tlog
c:\dev\git\fbl\project_vs2022\ca2\x64\release\ca2.tlog\link.write.1.tlog
