c:\dev\git\fbl\project_vs2019\fbl_project\x64\release\vc143.pdb
c:\dev\git\fbl\project_vs2019\fbl_project\x64\release\fbl_test.obj
c:\dev\git\fbl\project_vs2019\fbl_project\x64\release\ui.obj
c:\dev\git\fbl\project_vs2019\fbl_project\x64\release\thread.obj
c:\dev\git\fbl\project_vs2019\fbl_project\x64\release\text.obj
c:\dev\git\fbl\project_vs2019\fbl_project\x64\release\sprite.obj
c:\dev\git\fbl\project_vs2019\fbl_project\x64\release\sound.obj
c:\dev\git\fbl\project_vs2019\fbl_project\x64\release\primitives.obj
c:\dev\git\fbl\project_vs2019\fbl_project\x64\release\physics.obj
c:\dev\git\fbl\project_vs2019\fbl_project\x64\release\pathfind.obj
c:\dev\git\fbl\project_vs2019\fbl_project\x64\release\particles.obj
c:\dev\git\fbl\project_vs2019\fbl_project\x64\release\network.obj
c:\dev\git\fbl\project_vs2019\fbl_project\x64\release\lua.obj
c:\dev\git\fbl\project_vs2019\fbl_project\x64\release\input.obj
c:\dev\git\fbl\project_vs2019\fbl_project\x64\release\fbl.obj
c:\dev\git\fbl\project_vs2019\fbl_project\x64\release\dllist.obj
c:\dev\git\fbl\project_vs2019\fbl_project\x64\release\a_star.obj
c:\dev\git\fbl\project_vs2019\x64\release\fbl_project.exe
c:\dev\git\fbl\project_vs2019\x64\release\fbl_project.pdb
c:\dev\git\fbl\project_vs2019\x64\release\fbl_project.lib
c:\dev\git\fbl\project_vs2019\x64\release\fbl_project.exp
c:\dev\git\fbl\project_vs2019\fbl_project\x64\release\fbl_project.ipdb
c:\dev\git\fbl\project_vs2019\fbl_project\x64\release\fbl_project.iobj
c:\dev\git\fbl\project_vs2022\fbl_project\x64\release\a_star.obj
c:\dev\git\fbl\project_vs2022\fbl_project\x64\release\dllist.obj
c:\dev\git\fbl\project_vs2022\fbl_project\x64\release\fbl.obj
c:\dev\git\fbl\project_vs2022\fbl_project\x64\release\fbl_test.obj
c:\dev\git\fbl\project_vs2022\fbl_project\x64\release\input.obj
c:\dev\git\fbl\project_vs2022\fbl_project\x64\release\lua.obj
c:\dev\git\fbl\project_vs2022\fbl_project\x64\release\network.obj
c:\dev\git\fbl\project_vs2022\fbl_project\x64\release\particles.obj
c:\dev\git\fbl\project_vs2022\fbl_project\x64\release\pathfind.obj
c:\dev\git\fbl\project_vs2022\fbl_project\x64\release\physics.obj
c:\dev\git\fbl\project_vs2022\fbl_project\x64\release\primitives.obj
c:\dev\git\fbl\project_vs2022\fbl_project\x64\release\sound.obj
c:\dev\git\fbl\project_vs2022\fbl_project\x64\release\sprite.obj
c:\dev\git\fbl\project_vs2022\fbl_project\x64\release\text.obj
c:\dev\git\fbl\project_vs2022\fbl_project\x64\release\thread.obj
c:\dev\git\fbl\project_vs2022\fbl_project\x64\release\ui.obj
c:\dev\git\fbl\project_vs2022\fbl_project\x64\release\fbl_project.ipdb
c:\dev\git\fbl\project_vs2022\fbl_project\x64\release\fbl_project.iobj
c:\dev\git\fbl\project_vs2022\fbl_project\x64\release\vc143.pdb
c:\dev\git\fbl\project_vs2022\x64\release\fbl_project.pdb
c:\dev\git\fbl\project_vs2022\x64\release\fbl_project.exe
c:\dev\git\fbl\project_vs2022\fbl_project\x64\release\fbl_project.tlog\cl.command.1.tlog
c:\dev\git\fbl\project_vs2022\fbl_project\x64\release\fbl_project.tlog\cl.items.tlog
c:\dev\git\fbl\project_vs2022\fbl_project\x64\release\fbl_project.tlog\cl.read.1.tlog
c:\dev\git\fbl\project_vs2022\fbl_project\x64\release\fbl_project.tlog\cl.write.1.tlog
c:\dev\git\fbl\project_vs2022\fbl_project\x64\release\fbl_project.tlog\link.command.1.tlog
c:\dev\git\fbl\project_vs2022\fbl_project\x64\release\fbl_project.tlog\link.read.1.tlog
c:\dev\git\fbl\project_vs2022\fbl_project\x64\release\fbl_project.tlog\link.secondary.1.tlog
c:\dev\git\fbl\project_vs2022\fbl_project\x64\release\fbl_project.tlog\link.write.1.tlog
